2025-05-08 22:52:17 checksum_comparison: [MISMATCH] Checksums do not match for /Users/jenswegar/SyncSpace/Photo WIP/2020_11 - Kilpisjärvi/.DS_Store and /Volumes/Photography/2020/2020_11 - Kilpisjärvi/.DS_Store: 330092c244a9e1894a9f4aa7c79ea2b9 vs 03c56ab9d2a21fdbeae0eb36fa1bcd10
2025-05-08 22:52:18 checksum_comparison: [MISMATCH] Checksums do not match for Kilpisjärvi.cosessiondb 85d04ac3cf4ac75566feb130baa47b3b /Users/jenswegar/SyncSpace/Photo WIP/2020_11 - Kilpisjärvi/2020_11 - Kilpisjärvi.cosessiondb and Kilpisjärvi.cosessiondb 85d04ac3cf4ac75566feb130baa47b3b /Volumes/Photography/2020/2020_11 - Kilpisjärvi/2020_11 - Kilpisjärvi.cosessiondb
Kilpisjärvi.cosessiondb.backup 37c35821a853a7643a717bc1b3dfe808 /Volumes/Photography/2020/2020_11 - Kilpisjärvi/2020_11 - Kilpisjärvi.cosessiondb.backup: - vs -
-
2025-05-08 22:52:18 checksum_comparison: [MISSING] File Kilpisjärvi.cosessiondb.backup 37c35821a853a7643a717bc1b3dfe808 /Users/jenswegar/SyncSpace/Photo WIP/2020_11 - Kilpisjärvi/2020_11 - Kilpisjärvi.cosessiondb.backup is missing in /Volumes/Photography/2020/2020_11 - Kilpisjärvi
2025-05-08 22:52:18 checksum_comparison: [OK] Checksums match for /Users/jenswegar/SyncSpace/Photo WIP/2020_11 - Kilpisjärvi/Capture/CaptureOne/Cache/Proxies/IMGP1583.DNG.cof: e4d0d5699809eb15d70872b75612882d
2025-05-08 22:52:18 checksum_comparison: [OK] Checksums match for /Users/jenswegar/SyncSpace/Photo WIP/2020_11 - Kilpisjärvi/Capture/CaptureOne/Cache/Proxies/IMGP1583.DNG.cop: 39decc03cc374a909fc7685317cbad4d
2025-05-08 22:52:18 checksum_comparison: [OK] Checksums match for /Users/jenswegar/SyncSpace/Photo WIP/2020_11 - Kilpisjärvi/Capture/CaptureOne/Cache/Proxies/IMGP1584.DNG.cof: e71b64de926197d480d17fe830d2e53f
2025-05-08 22:52:18 checksum_comparison: [OK] Checksums match for /Users/jenswegar/SyncSpace/Photo WIP/2020_11 - Kilpisjärvi/Capture/CaptureOne/Cache/Proxies/IMGP1584.DNG.cop: 1e491b9bcda0631a35b0e353d123eec2
2025-05-08 22:52:18 checksum_comparison: [OK] Checksums match for /Users/jenswegar/SyncSpace/Photo WIP/2020_11 - Kilpisjärvi/Capture/CaptureOne/Cache/Proxies/IMGP1585.DNG.cof: 6f69209c076ae65ecc30e0d65d20d727
2025-05-08 22:52:18 checksum_comparison: [OK] Checksums match for /Users/jenswegar/SyncSpace/Photo WIP/2020_11 - Kilpisjärvi/Capture/CaptureOne/Cache/Proxies/IMGP1585.DNG.cop: 2e187857ba6ab7ccfeb024203742d451
2025-05-08 22:52:18 checksum_comparison: [OK] Checksums match for /Users/jenswegar/SyncSpace/Photo WIP/2020_11 - Kilpisjärvi/Capture/CaptureOne/Cache/Proxies/IMGP1586.DNG.cof: 71dfb0656d70d407e9e1e81c9b43965c
2025-05-08 22:52:18 checksum_comparison: [OK] Checksums match for /Users/jenswegar/SyncSpace/Photo WIP/2020_11 - Kilpisjärvi/Capture/CaptureOne/Cache/Proxies/IMGP1586.DNG.cop: f3b97f2bb330aca3387054e35958d723
2025-05-08 22:52:18 checksum_comparison: [OK] Checksums match for /Users/jenswegar/SyncSpace/Photo WIP/2020_11 - Kilpisjärvi/Capture/CaptureOne/Cache/Proxies/IMGP1587.DNG.cof: 27f06d9490c9db60c54e7fcc76c019ca
2025-05-08 22:52:18 checksum_comparison: [OK] Checksums match for /Users/jenswegar/SyncSpace/Photo WIP/2020_11 - Kilpisjärvi/Capture/CaptureOne/Cache/Proxies/IMGP1587.DNG.cop: fc712adf59a0301104a5c74b64d7599e
2025-05-08 22:52:18 checksum_comparison: [OK] Checksums match for /Users/jenswegar/SyncSpace/Photo WIP/2020_11 - Kilpisjärvi/Capture/CaptureOne/Cache/Proxies/IMGP1588.DNG.cof: 94d95d6dd0713e692a7df13b8ce5f478
2025-05-08 22:52:18 checksum_comparison: [OK] Checksums match for /Users/jenswegar/SyncSpace/Photo WIP/2020_11 - Kilpisjärvi/Capture/CaptureOne/Cache/Proxies/IMGP1588.DNG.cop: a9977e95255ece2ae0656f0f19a45f91
2025-05-08 22:52:19 checksum_comparison: [OK] Checksums match for /Users/jenswegar/SyncSpace/Photo WIP/2020_11 - Kilpisjärvi/Capture/CaptureOne/Cache/Proxies/IMGP1589.DNG.cof: 21a57259e331684926200cfc2e776828
2025-05-08 22:52:19 checksum_comparison: [OK] Checksums match for /Users/jenswegar/SyncSpace/Photo WIP/2020_11 - Kilpisjärvi/Capture/CaptureOne/Cache/Proxies/IMGP1589.DNG.cop: f9c0129526f706909c7eb851b97c1215
2025-05-08 22:52:19 checksum_comparison: [OK] Checksums match for /Users/jenswegar/SyncSpace/Photo WIP/2020_11 - Kilpisjärvi/Capture/CaptureOne/Cache/Proxies/IMGP1590.DNG.cof: db584ff39edb9a6e5ce409dcbf906b5b
2025-05-08 22:52:19 checksum_comparison: [OK] Checksums match for /Users/jenswegar/SyncSpace/Photo WIP/2020_11 - Kilpisjärvi/Capture/CaptureOne/Cache/Proxies/IMGP1590.DNG.cop: e260e8f7d13d88c5a4a828d32053e56e
2025-05-08 22:52:19 checksum_comparison: [OK] Checksums match for /Users/jenswegar/SyncSpace/Photo WIP/2020_11 - Kilpisjärvi/Capture/CaptureOne/Cache/Proxies/IMGP1591.DNG.cof: fc559e1563e6ff0c6b8b02e86a56026b
2025-05-08 22:52:19 checksum_comparison: [OK] Checksums match for /Users/jenswegar/SyncSpace/Photo WIP/2020_11 - Kilpisjärvi/Capture/CaptureOne/Cache/Proxies/IMGP1591.DNG.cop: 83aa1d5c507b96547c41f29c965542ed
2025-05-08 22:52:19 checksum_comparison: [OK] Checksums match for /Users/jenswegar/SyncSpace/Photo WIP/2020_11 - Kilpisjärvi/Capture/CaptureOne/Cache/Proxies/IMGP1592.DNG.cof: e8e0a99e972414801a4f72b45539c26d
2025-05-08 22:52:19 checksum_comparison: [OK] Checksums match for /Users/jenswegar/SyncSpace/Photo WIP/2020_11 - Kilpisjärvi/Capture/CaptureOne/Cache/Proxies/IMGP1592.DNG.cop: c98f16afac3b3a507bca2c220fdd2bdd
2025-05-08 22:52:19 checksum_comparison: [OK] Checksums match for /Users/jenswegar/SyncSpace/Photo WIP/2020_11 - Kilpisjärvi/Capture/CaptureOne/Cache/Proxies/IMGP1593.DNG.cof: cd59e5d2d159c5a98f11ae368ad3942f
2025-05-08 22:52:19 checksum_comparison: [OK] Checksums match for /Users/jenswegar/SyncSpace/Photo WIP/2020_11 - Kilpisjärvi/Capture/CaptureOne/Cache/Proxies/IMGP1593.DNG.cop: 254befa8c5174a00a1440c24741f1786
2025-05-08 22:52:19 checksum_comparison: [OK] Checksums match for /Users/jenswegar/SyncSpace/Photo WIP/2020_11 - Kilpisjärvi/Capture/CaptureOne/Cache/Proxies/IMGP1595.DNG.cof: b811752e7179b8cde71feec9ea47efd1
2025-05-08 22:52:19 checksum_comparison: [OK] Checksums match for /Users/jenswegar/SyncSpace/Photo WIP/2020_11 - Kilpisjärvi/Capture/CaptureOne/Cache/Proxies/IMGP1595.DNG.cop: 41fe3c1066175c93904bfd6e130df802
2025-05-08 22:52:19 checksum_comparison: [OK] Checksums match for /Users/jenswegar/SyncSpace/Photo WIP/2020_11 - Kilpisjärvi/Capture/CaptureOne/Cache/Proxies/IMGP1596.DNG.cof: cfa74678668f9cdbaa9633429db3169b
2025-05-08 22:52:19 checksum_comparison: [OK] Checksums match for /Users/jenswegar/SyncSpace/Photo WIP/2020_11 - Kilpisjärvi/Capture/CaptureOne/Cache/Proxies/IMGP1596.DNG.cop: a142a2bd72fe36ecac0fd563528e54ca
2025-05-08 22:52:20 checksum_comparison: [OK] Checksums match for /Users/jenswegar/SyncSpace/Photo WIP/2020_11 - Kilpisjärvi/Capture/CaptureOne/Cache/Proxies/IMGP1597.DNG.cof: 7a71539ce199c1cd21cee53737a7e5ab
2025-05-08 22:52:20 checksum_comparison: [OK] Checksums match for /Users/jenswegar/SyncSpace/Photo WIP/2020_11 - Kilpisjärvi/Capture/CaptureOne/Cache/Proxies/IMGP1597.DNG.cop: fc54fe3341c48abbce8276f15b65fad6
2025-05-08 22:52:20 checksum_comparison: [OK] Checksums match for /Users/jenswegar/SyncSpace/Photo WIP/2020_11 - Kilpisjärvi/Capture/CaptureOne/Cache/Proxies/IMGP1598.DNG.cof: 9d2fbe1926c8a816b0621a00a7a9c38b
2025-05-08 22:52:20 checksum_comparison: [OK] Checksums match for /Users/jenswegar/SyncSpace/Photo WIP/2020_11 - Kilpisjärvi/Capture/CaptureOne/Cache/Proxies/IMGP1598.DNG.cop: 3184862900a8abadd3bb6b3f844272ad
2025-05-08 22:52:20 checksum_comparison: [OK] Checksums match for /Users/jenswegar/SyncSpace/Photo WIP/2020_11 - Kilpisjärvi/Capture/CaptureOne/Cache/Proxies/IMGP1599.DNG.cof: 2878f581db928934eae05ccd68ed4084
2025-05-08 22:52:20 checksum_comparison: [OK] Checksums match for /Users/jenswegar/SyncSpace/Photo WIP/2020_11 - Kilpisjärvi/Capture/CaptureOne/Cache/Proxies/IMGP1599.DNG.cop: 1ebe5a23c8b8eb9c2a91bd83aa0463eb
2025-05-08 22:52:20 checksum_comparison: [OK] Checksums match for /Users/jenswegar/SyncSpace/Photo WIP/2020_11 - Kilpisjärvi/Capture/CaptureOne/Cache/Proxies/IMGP1600.DNG.cof: 330490260b1fc76617987df8244285f8
2025-05-08 22:52:20 checksum_comparison: [OK] Checksums match for /Users/jenswegar/SyncSpace/Photo WIP/2020_11 - Kilpisjärvi/Capture/CaptureOne/Cache/Proxies/IMGP1600.DNG.cop: 326af9f48adeeb6d80e9c66ed2f45442
2025-05-08 22:52:20 checksum_comparison: [OK] Checksums match for /Users/jenswegar/SyncSpace/Photo WIP/2020_11 - Kilpisjärvi/Capture/CaptureOne/Cache/Proxies/IMGP1601.DNG.cof: 9e72e70dca57fa05c9339d143a7355a5
2025-05-08 22:52:20 checksum_comparison: [OK] Checksums match for /Users/jenswegar/SyncSpace/Photo WIP/2020_11 - Kilpisjärvi/Capture/CaptureOne/Cache/Proxies/IMGP1601.DNG.cop: 4603bc4634f0c0003b7c2f7cf9e5ff45
2025-05-08 22:52:20 checksum_comparison: [OK] Checksums match for /Users/jenswegar/SyncSpace/Photo WIP/2020_11 - Kilpisjärvi/Capture/CaptureOne/Cache/Proxies/IMGP1602.DNG.cof: 306980c9d5d56116b3e6b7341b69ab77
2025-05-08 22:52:20 checksum_comparison: [OK] Checksums match for /Users/jenswegar/SyncSpace/Photo WIP/2020_11 - Kilpisjärvi/Capture/CaptureOne/Cache/Proxies/IMGP1602.DNG.cop: 2b901440f3dc30c241a8452b53886b5b
2025-05-08 22:52:20 checksum_comparison: [OK] Checksums match for /Users/jenswegar/SyncSpace/Photo WIP/2020_11 - Kilpisjärvi/Capture/CaptureOne/Cache/Proxies/IMGP1603.DNG.cof: 23e46e584c6fa1bf2536863a02182af3
2025-05-08 22:52:20 checksum_comparison: [OK] Checksums match for /Users/jenswegar/SyncSpace/Photo WIP/2020_11 - Kilpisjärvi/Capture/CaptureOne/Cache/Proxies/IMGP1603.DNG.cop: 3d4f1f76c983f4291e1ecea9c3e0e138
2025-05-08 22:52:21 checksum_comparison: [OK] Checksums match for /Users/jenswegar/SyncSpace/Photo WIP/2020_11 - Kilpisjärvi/Capture/CaptureOne/Cache/Proxies/IMGP1605.DNG.cof: 2afaee1f63b43904f89d8938e5906618
2025-05-08 22:52:21 checksum_comparison: [OK] Checksums match for /Users/jenswegar/SyncSpace/Photo WIP/2020_11 - Kilpisjärvi/Capture/CaptureOne/Cache/Proxies/IMGP1605.DNG.cop: 2e2fc26e910501a055af9b5ef9b00b41
2025-05-08 22:52:21 checksum_comparison: [OK] Checksums match for /Users/jenswegar/SyncSpace/Photo WIP/2020_11 - Kilpisjärvi/Capture/CaptureOne/Cache/Proxies/IMGP1606.DNG.cof: 7553bfa4cf373043daadaa87e829ce2b
2025-05-08 22:52:21 checksum_comparison: [OK] Checksums match for /Users/jenswegar/SyncSpace/Photo WIP/2020_11 - Kilpisjärvi/Capture/CaptureOne/Cache/Proxies/IMGP1606.DNG.cop: 7d739763f130d3ecbe4f14150fa94eb9
2025-05-08 22:52:21 checksum_comparison: [OK] Checksums match for /Users/jenswegar/SyncSpace/Photo WIP/2020_11 - Kilpisjärvi/Capture/CaptureOne/Cache/Proxies/IMGP1607.DNG.cof: 973790436d6f9915db68a54e1e08044e
2025-05-08 22:52:21 checksum_comparison: [OK] Checksums match for /Users/jenswegar/SyncSpace/Photo WIP/2020_11 - Kilpisjärvi/Capture/CaptureOne/Cache/Proxies/IMGP1607.DNG.cop: 839cbc79c20d5e05f28312183ceb9f99
2025-05-08 22:52:21 checksum_comparison: [OK] Checksums match for /Users/jenswegar/SyncSpace/Photo WIP/2020_11 - Kilpisjärvi/Capture/CaptureOne/Cache/Proxies/IMGP1608.DNG.cof: 49a353cd4f97f863b9efa6a663b5a057
2025-05-08 22:52:21 checksum_comparison: [OK] Checksums match for /Users/jenswegar/SyncSpace/Photo WIP/2020_11 - Kilpisjärvi/Capture/CaptureOne/Cache/Proxies/IMGP1608.DNG.cop: df720784380f7be9115fa986b39b28ea
2025-05-08 22:52:21 checksum_comparison: [OK] Checksums match for /Users/jenswegar/SyncSpace/Photo WIP/2020_11 - Kilpisjärvi/Capture/CaptureOne/Cache/Proxies/IMGP1609.DNG.cof: 0f185bb734815777efc8f8d95eb3f27d
2025-05-08 22:52:21 checksum_comparison: [OK] Checksums match for /Users/jenswegar/SyncSpace/Photo WIP/2020_11 - Kilpisjärvi/Capture/CaptureOne/Cache/Proxies/IMGP1609.DNG.cop: b61e4ecc45188fcbaf681294ac4c9c6f
2025-05-08 22:52:21 checksum_comparison: [OK] Checksums match for /Users/jenswegar/SyncSpace/Photo WIP/2020_11 - Kilpisjärvi/Capture/CaptureOne/Cache/Proxies/IMGP1610.DNG.cof: c5ea8a84a0af794f79f094e239a19810
2025-05-08 22:52:21 checksum_comparison: [OK] Checksums match for /Users/jenswegar/SyncSpace/Photo WIP/2020_11 - Kilpisjärvi/Capture/CaptureOne/Cache/Proxies/IMGP1610.DNG.cop: 38c99d3f548c1743b1a7edf13d1c10df
2025-05-08 22:52:21 checksum_comparison: [OK] Checksums match for /Users/jenswegar/SyncSpace/Photo WIP/2020_11 - Kilpisjärvi/Capture/CaptureOne/Cache/Proxies/IMGP1611.DNG.cof: c35e8f663249ceba4178deea4fb96b30
2025-05-08 22:52:21 checksum_comparison: [OK] Checksums match for /Users/jenswegar/SyncSpace/Photo WIP/2020_11 - Kilpisjärvi/Capture/CaptureOne/Cache/Proxies/IMGP1611.DNG.cop: 1f814e547da72895f65af5f511430916
2025-05-08 22:52:22 checksum_comparison: [OK] Checksums match for /Users/jenswegar/SyncSpace/Photo WIP/2020_11 - Kilpisjärvi/Capture/CaptureOne/Cache/Proxies/IMGP1612.DNG.cof: cef4b11a676b03f8080a11f4b9da963a
2025-05-08 22:52:22 checksum_comparison: [OK] Checksums match for /Users/jenswegar/SyncSpace/Photo WIP/2020_11 - Kilpisjärvi/Capture/CaptureOne/Cache/Proxies/IMGP1612.DNG.cop: 2ffc20bb7477cd247726fe545e8e6457
2025-05-08 22:52:22 checksum_comparison: [OK] Checksums match for /Users/jenswegar/SyncSpace/Photo WIP/2020_11 - Kilpisjärvi/Capture/CaptureOne/Cache/Proxies/IMGP1613.DNG.cof: 0c86faf9bf9f1743d0c2aa27e4f27e3b
2025-05-08 22:52:22 checksum_comparison: [OK] Checksums match for /Users/jenswegar/SyncSpace/Photo WIP/2020_11 - Kilpisjärvi/Capture/CaptureOne/Cache/Proxies/IMGP1613.DNG.cop: 5e3b766ab168e21f104ad72a820e74f3
2025-05-08 22:52:22 checksum_comparison: [OK] Checksums match for /Users/jenswegar/SyncSpace/Photo WIP/2020_11 - Kilpisjärvi/Capture/CaptureOne/Cache/Proxies/IMGP1614.DNG.cof: 0d2047200c5dcb5b78c60ab97f1c8617
2025-05-08 22:52:22 checksum_comparison: [OK] Checksums match for /Users/jenswegar/SyncSpace/Photo WIP/2020_11 - Kilpisjärvi/Capture/CaptureOne/Cache/Proxies/IMGP1614.DNG.cop: a79008602b1e2d2a37021a6a1511fb1d
2025-05-08 22:52:22 checksum_comparison: [OK] Checksums match for /Users/jenswegar/SyncSpace/Photo WIP/2020_11 - Kilpisjärvi/Capture/CaptureOne/Cache/Proxies/IMGP1615.DNG.cof: 54401f37a0de019cf838d0437d2f816f
2025-05-08 22:52:22 checksum_comparison: [OK] Checksums match for /Users/jenswegar/SyncSpace/Photo WIP/2020_11 - Kilpisjärvi/Capture/CaptureOne/Cache/Proxies/IMGP1615.DNG.cop: 984b01a3188c3927b30cb697ba21e23e
2025-05-08 22:52:22 checksum_comparison: [OK] Checksums match for /Users/jenswegar/SyncSpace/Photo WIP/2020_11 - Kilpisjärvi/Capture/CaptureOne/Cache/Proxies/IMGP1616.DNG.cof: f461c501fb860b077a2477ae2824c1c0
2025-05-08 22:52:22 checksum_comparison: [OK] Checksums match for /Users/jenswegar/SyncSpace/Photo WIP/2020_11 - Kilpisjärvi/Capture/CaptureOne/Cache/Proxies/IMGP1616.DNG.cop: 0860732d81eeca40e8ca617d926dfda4
2025-05-08 22:52:22 checksum_comparison: [OK] Checksums match for /Users/jenswegar/SyncSpace/Photo WIP/2020_11 - Kilpisjärvi/Capture/CaptureOne/Cache/Proxies/IMGP1617.DNG.cof: da05f43f84559600e38f131e993e2769
2025-05-08 22:52:22 checksum_comparison: [OK] Checksums match for /Users/jenswegar/SyncSpace/Photo WIP/2020_11 - Kilpisjärvi/Capture/CaptureOne/Cache/Proxies/IMGP1617.DNG.cop: 715bf91a98f3b329ae934dfcf4df218a
2025-05-08 22:52:22 checksum_comparison: [OK] Checksums match for /Users/jenswegar/SyncSpace/Photo WIP/2020_11 - Kilpisjärvi/Capture/CaptureOne/Cache/Proxies/IMGP1619.DNG.cof: f04c680c44c1baecf42e1e2611df32e2
2025-05-08 22:52:22 checksum_comparison: [OK] Checksums match for /Users/jenswegar/SyncSpace/Photo WIP/2020_11 - Kilpisjärvi/Capture/CaptureOne/Cache/Proxies/IMGP1619.DNG.cop: 01c2014985563532730666c1db59498d
2025-05-08 22:52:23 checksum_comparison: [OK] Checksums match for /Users/jenswegar/SyncSpace/Photo WIP/2020_11 - Kilpisjärvi/Capture/CaptureOne/Cache/Proxies/IMGP1620.DNG.cof: 33e5810a90e6583c1b69e0dfd9486f0d
2025-05-08 22:52:23 checksum_comparison: [OK] Checksums match for /Users/jenswegar/SyncSpace/Photo WIP/2020_11 - Kilpisjärvi/Capture/CaptureOne/Cache/Proxies/IMGP1620.DNG.cop: 5944f8f7a18cce07a6548b3a677bbdbe
2025-05-08 22:52:23 checksum_comparison: [OK] Checksums match for /Users/jenswegar/SyncSpace/Photo WIP/2020_11 - Kilpisjärvi/Capture/CaptureOne/Cache/Proxies/IMGP1621.DNG.cof: 9c62c2cd94b2f3359970a25cac23bdb7
2025-05-08 22:52:23 checksum_comparison: [OK] Checksums match for /Users/jenswegar/SyncSpace/Photo WIP/2020_11 - Kilpisjärvi/Capture/CaptureOne/Cache/Proxies/IMGP1621.DNG.cop: 80626ec03170ddbb9c6dc289805ab183
2025-05-08 22:52:23 checksum_comparison: [OK] Checksums match for /Users/jenswegar/SyncSpace/Photo WIP/2020_11 - Kilpisjärvi/Capture/CaptureOne/Cache/Proxies/IMGP1622.DNG.cof: 28888fb8e39aa6a74f379995b698e573
2025-05-08 22:52:23 checksum_comparison: [OK] Checksums match for /Users/jenswegar/SyncSpace/Photo WIP/2020_11 - Kilpisjärvi/Capture/CaptureOne/Cache/Proxies/IMGP1622.DNG.cop: 0c04ca5c20f7d5fbff5ca3357fc5fa82
2025-05-08 22:52:23 checksum_comparison: [OK] Checksums match for /Users/jenswegar/SyncSpace/Photo WIP/2020_11 - Kilpisjärvi/Capture/CaptureOne/Cache/Proxies/IMGP1623.DNG.cof: 7083b2b6859b02601964d85e17d3ba84
2025-05-08 22:52:23 checksum_comparison: [OK] Checksums match for /Users/jenswegar/SyncSpace/Photo WIP/2020_11 - Kilpisjärvi/Capture/CaptureOne/Cache/Proxies/IMGP1623.DNG.cop: 84bf04642ce8333d4b6b337c35584bad
2025-05-08 22:52:23 checksum_comparison: [OK] Checksums match for /Users/jenswegar/SyncSpace/Photo WIP/2020_11 - Kilpisjärvi/Capture/CaptureOne/Cache/Proxies/IMGP1624.DNG.cof: 2ba590e39ca72ec2a5282e12e417d370
2025-05-08 22:52:23 checksum_comparison: [OK] Checksums match for /Users/jenswegar/SyncSpace/Photo WIP/2020_11 - Kilpisjärvi/Capture/CaptureOne/Cache/Proxies/IMGP1624.DNG.cop: e442b0be6ba25923ffc827d378cc5264
2025-05-08 22:52:23 checksum_comparison: [OK] Checksums match for /Users/jenswegar/SyncSpace/Photo WIP/2020_11 - Kilpisjärvi/Capture/CaptureOne/Cache/Proxies/IMGP1625.DNG.cof: de0229c848c33ddbd79079d18e2dd039
2025-05-08 22:52:23 checksum_comparison: [OK] Checksums match for /Users/jenswegar/SyncSpace/Photo WIP/2020_11 - Kilpisjärvi/Capture/CaptureOne/Cache/Proxies/IMGP1625.DNG.cop: 2a8e767ca7ce12b1ab70d0af84674723
2025-05-08 22:52:23 checksum_comparison: [OK] Checksums match for /Users/jenswegar/SyncSpace/Photo WIP/2020_11 - Kilpisjärvi/Capture/CaptureOne/Cache/Proxies/IMGP1626.DNG.cof: 69f9193fbbfbe7c973157dfe37ce0e29
2025-05-08 22:52:23 checksum_comparison: [OK] Checksums match for /Users/jenswegar/SyncSpace/Photo WIP/2020_11 - Kilpisjärvi/Capture/CaptureOne/Cache/Proxies/IMGP1626.DNG.cop: 7d8ab05ae82a78d184feb5c935cd72aa
2025-05-08 22:52:24 checksum_comparison: [OK] Checksums match for /Users/jenswegar/SyncSpace/Photo WIP/2020_11 - Kilpisjärvi/Capture/CaptureOne/Cache/Proxies/IMGP1627.DNG.cof: 71fc1ae6445339270e45b4bca359c5e3
2025-05-08 22:52:24 checksum_comparison: [OK] Checksums match for /Users/jenswegar/SyncSpace/Photo WIP/2020_11 - Kilpisjärvi/Capture/CaptureOne/Cache/Proxies/IMGP1627.DNG.cop: b72d26da09e5222d911ac873e7c6b6e0
2025-05-08 22:52:24 checksum_comparison: [OK] Checksums match for /Users/jenswegar/SyncSpace/Photo WIP/2020_11 - Kilpisjärvi/Capture/CaptureOne/Cache/Proxies/IMGP1628.DNG.cof: c213f6ddce76e3e746473e3faec2c986
2025-05-08 22:52:24 checksum_comparison: [OK] Checksums match for /Users/jenswegar/SyncSpace/Photo WIP/2020_11 - Kilpisjärvi/Capture/CaptureOne/Cache/Proxies/IMGP1628.DNG.cop: dc2f877e5cdfbb06c5a29daf090f5f4d
2025-05-08 22:52:24 checksum_comparison: [OK] Checksums match for /Users/jenswegar/SyncSpace/Photo WIP/2020_11 - Kilpisjärvi/Capture/CaptureOne/Cache/Proxies/IMGP1629.DNG.cof: fbc7bfb4833e5c50763d68fea5b0458d
2025-05-08 22:52:24 checksum_comparison: [OK] Checksums match for /Users/jenswegar/SyncSpace/Photo WIP/2020_11 - Kilpisjärvi/Capture/CaptureOne/Cache/Proxies/IMGP1629.DNG.cop: 11a1de1d20b0df67df15ffde0159ea70
2025-05-08 22:52:24 checksum_comparison: [OK] Checksums match for /Users/jenswegar/SyncSpace/Photo WIP/2020_11 - Kilpisjärvi/Capture/CaptureOne/Cache/Proxies/IMGP1630.DNG.cof: 297cdbc2796aa9e35ab076a32b0ebf80
2025-05-08 22:52:24 checksum_comparison: [OK] Checksums match for /Users/jenswegar/SyncSpace/Photo WIP/2020_11 - Kilpisjärvi/Capture/CaptureOne/Cache/Proxies/IMGP1630.DNG.cop: 7f97e09c5e9b2ecfdebd6506b1ff739f
2025-05-08 22:52:24 checksum_comparison: [OK] Checksums match for /Users/jenswegar/SyncSpace/Photo WIP/2020_11 - Kilpisjärvi/Capture/CaptureOne/Cache/Proxies/IMGP1631.DNG.cof: 7f148330d7d7c61d622bf68d5118e018
2025-05-08 22:52:24 checksum_comparison: [OK] Checksums match for /Users/jenswegar/SyncSpace/Photo WIP/2020_11 - Kilpisjärvi/Capture/CaptureOne/Cache/Proxies/IMGP1631.DNG.cop: 1b21d44221db4a8e5a86bdbdfa8dd10e
2025-05-08 22:52:24 checksum_comparison: [OK] Checksums match for /Users/jenswegar/SyncSpace/Photo WIP/2020_11 - Kilpisjärvi/Capture/CaptureOne/Cache/Proxies/IMGP1632.DNG.cof: b4ff3626729f22e688ecaecc8d03a924
2025-05-08 22:52:24 checksum_comparison: [OK] Checksums match for /Users/jenswegar/SyncSpace/Photo WIP/2020_11 - Kilpisjärvi/Capture/CaptureOne/Cache/Proxies/IMGP1632.DNG.cop: 3417799a455f882786a8728f30cfaa4b
2025-05-08 22:52:24 checksum_comparison: [OK] Checksums match for /Users/jenswegar/SyncSpace/Photo WIP/2020_11 - Kilpisjärvi/Capture/CaptureOne/Cache/Proxies/IMGP1633.DNG.cof: bfa058dbb52dbc552f44e1cce1a8aeeb
2025-05-08 22:52:24 checksum_comparison: [OK] Checksums match for /Users/jenswegar/SyncSpace/Photo WIP/2020_11 - Kilpisjärvi/Capture/CaptureOne/Cache/Proxies/IMGP1633.DNG.cop: 1d9c7d117daa45d6bda20b338dc550a2
2025-05-08 22:52:25 checksum_comparison: [OK] Checksums match for /Users/jenswegar/SyncSpace/Photo WIP/2020_11 - Kilpisjärvi/Capture/CaptureOne/Cache/Proxies/IMGP1634.DNG.cof: d11d7a6275871fb02c5a29116bf05b7d
2025-05-08 22:52:25 checksum_comparison: [OK] Checksums match for /Users/jenswegar/SyncSpace/Photo WIP/2020_11 - Kilpisjärvi/Capture/CaptureOne/Cache/Proxies/IMGP1634.DNG.cop: 8b9fff0d88e04d265195e0e68faa5ed5
2025-05-08 22:52:25 checksum_comparison: [OK] Checksums match for /Users/jenswegar/SyncSpace/Photo WIP/2020_11 - Kilpisjärvi/Capture/CaptureOne/Cache/Proxies/IMGP1635.DNG.cof: 8a5d995192a5a4532911d7e306d84a8a
2025-05-08 22:52:25 checksum_comparison: [OK] Checksums match for /Users/jenswegar/SyncSpace/Photo WIP/2020_11 - Kilpisjärvi/Capture/CaptureOne/Cache/Proxies/IMGP1635.DNG.cop: c853a0dd3c1ccd1e9ccfff1ecf8e7543
2025-05-08 22:52:25 checksum_comparison: [OK] Checksums match for /Users/jenswegar/SyncSpace/Photo WIP/2020_11 - Kilpisjärvi/Capture/CaptureOne/Cache/Proxies/IMGP1636.DNG.cof: 444f1d44361ba8f43697dfe13ec770ce
2025-05-08 22:52:25 checksum_comparison: [OK] Checksums match for /Users/jenswegar/SyncSpace/Photo WIP/2020_11 - Kilpisjärvi/Capture/CaptureOne/Cache/Proxies/IMGP1636.DNG.cop: e4497c48e307879a0499265592c84e2b
2025-05-08 22:52:25 checksum_comparison: [OK] Checksums match for /Users/jenswegar/SyncSpace/Photo WIP/2020_11 - Kilpisjärvi/Capture/CaptureOne/Cache/Proxies/IMGP1637.DNG.cof: e80715d3f2f9216287fa2fa85b8a7501
2025-05-08 22:52:25 checksum_comparison: [OK] Checksums match for /Users/jenswegar/SyncSpace/Photo WIP/2020_11 - Kilpisjärvi/Capture/CaptureOne/Cache/Proxies/IMGP1637.DNG.cop: 433da7c40215dcf69d7bb6085c554509
2025-05-08 22:52:25 checksum_comparison: [OK] Checksums match for /Users/jenswegar/SyncSpace/Photo WIP/2020_11 - Kilpisjärvi/Capture/CaptureOne/Cache/Proxies/IMGP1638.DNG.cof: 945722335a7fb996408c8d5b70287b31
2025-05-08 22:52:25 checksum_comparison: [OK] Checksums match for /Users/jenswegar/SyncSpace/Photo WIP/2020_11 - Kilpisjärvi/Capture/CaptureOne/Cache/Proxies/IMGP1638.DNG.cop: b40a01cfb481ebd8b427bba4b6818c29
2025-05-08 22:52:25 checksum_comparison: [OK] Checksums match for /Users/jenswegar/SyncSpace/Photo WIP/2020_11 - Kilpisjärvi/Capture/CaptureOne/Cache/Proxies/IMGP1639.DNG.cof: 90ec74b27b8e92bdcaded51430ac3b4a
2025-05-08 22:52:25 checksum_comparison: [OK] Checksums match for /Users/jenswegar/SyncSpace/Photo WIP/2020_11 - Kilpisjärvi/Capture/CaptureOne/Cache/Proxies/IMGP1639.DNG.cop: d8aa3a3d51440d4e8c03196da9749a30
2025-05-08 22:52:25 checksum_comparison: [OK] Checksums match for /Users/jenswegar/SyncSpace/Photo WIP/2020_11 - Kilpisjärvi/Capture/CaptureOne/Cache/Proxies/IMGP1640.DNG.cof: 9458b978e1a4a3d091a4e2cf30b1981c
2025-05-08 22:52:25 checksum_comparison: [OK] Checksums match for /Users/jenswegar/SyncSpace/Photo WIP/2020_11 - Kilpisjärvi/Capture/CaptureOne/Cache/Proxies/IMGP1640.DNG.cop: f958e2b4c2c5627447794c4906d15cc4
2025-05-08 22:52:26 checksum_comparison: [OK] Checksums match for /Users/jenswegar/SyncSpace/Photo WIP/2020_11 - Kilpisjärvi/Capture/CaptureOne/Cache/Proxies/IMGP1641.DNG.cof: cb78300200dc0cbaf7bd7fb492d947ce
2025-05-08 22:52:26 checksum_comparison: [OK] Checksums match for /Users/jenswegar/SyncSpace/Photo WIP/2020_11 - Kilpisjärvi/Capture/CaptureOne/Cache/Proxies/IMGP1641.DNG.cop: 331a70ebe2df77cc147ee38f5fde4237
2025-05-08 22:52:26 checksum_comparison: [OK] Checksums match for /Users/jenswegar/SyncSpace/Photo WIP/2020_11 - Kilpisjärvi/Capture/CaptureOne/Cache/Proxies/IMGP1642.DNG.cof: 513b07744da467d44979926ba2528e7b
2025-05-08 22:52:26 checksum_comparison: [OK] Checksums match for /Users/jenswegar/SyncSpace/Photo WIP/2020_11 - Kilpisjärvi/Capture/CaptureOne/Cache/Proxies/IMGP1642.DNG.cop: 3baefa8719f824135dece80b0516aefa
2025-05-08 22:52:26 checksum_comparison: [OK] Checksums match for /Users/jenswegar/SyncSpace/Photo WIP/2020_11 - Kilpisjärvi/Capture/CaptureOne/Cache/Proxies/IMGP1643.DNG.cof: 9d42ac7e48d50050e721a180b87639ed
2025-05-08 22:52:26 checksum_comparison: [OK] Checksums match for /Users/jenswegar/SyncSpace/Photo WIP/2020_11 - Kilpisjärvi/Capture/CaptureOne/Cache/Proxies/IMGP1643.DNG.cop: 9d1d60325184c7e9f681dd52e2e30918
2025-05-08 22:52:26 checksum_comparison: [OK] Checksums match for /Users/jenswegar/SyncSpace/Photo WIP/2020_11 - Kilpisjärvi/Capture/CaptureOne/Cache/Proxies/IMGP1644.DNG.cof: bb3336c59d8bacde0c6a271ae49c50bf
2025-05-08 22:52:26 checksum_comparison: [OK] Checksums match for /Users/jenswegar/SyncSpace/Photo WIP/2020_11 - Kilpisjärvi/Capture/CaptureOne/Cache/Proxies/IMGP1644.DNG.cop: 65ddc6e2469621a63f7a73a647899c46
2025-05-08 22:52:26 checksum_comparison: [OK] Checksums match for /Users/jenswegar/SyncSpace/Photo WIP/2020_11 - Kilpisjärvi/Capture/CaptureOne/Cache/Proxies/IMGP1647.DNG.cof: 84761e8004e6983196026584b52ccdae
2025-05-08 22:52:26 checksum_comparison: [OK] Checksums match for /Users/jenswegar/SyncSpace/Photo WIP/2020_11 - Kilpisjärvi/Capture/CaptureOne/Cache/Proxies/IMGP1647.DNG.cop: b550d8942e21891b2b6ab2c4a05e7ccc
2025-05-08 22:52:26 checksum_comparison: [OK] Checksums match for /Users/jenswegar/SyncSpace/Photo WIP/2020_11 - Kilpisjärvi/Capture/CaptureOne/Cache/Proxies/IMGP1648.DNG.cof: a00e6a3eedbd6126b7c377f182a9c199
2025-05-08 22:52:26 checksum_comparison: [OK] Checksums match for /Users/jenswegar/SyncSpace/Photo WIP/2020_11 - Kilpisjärvi/Capture/CaptureOne/Cache/Proxies/IMGP1648.DNG.cop: c3a99f95d4a0a11e004391f96b96fd2e
2025-05-08 22:52:26 checksum_comparison: [OK] Checksums match for /Users/jenswegar/SyncSpace/Photo WIP/2020_11 - Kilpisjärvi/Capture/CaptureOne/Cache/Proxies/IMGP1649.DNG.cof: f91132c3efa8e63baf4319e6938f1b9b
2025-05-08 22:52:26 checksum_comparison: [OK] Checksums match for /Users/jenswegar/SyncSpace/Photo WIP/2020_11 - Kilpisjärvi/Capture/CaptureOne/Cache/Proxies/IMGP1649.DNG.cop: addb0c1a4dd0646151ff568779451dd8
2025-05-08 22:52:27 checksum_comparison: [OK] Checksums match for /Users/jenswegar/SyncSpace/Photo WIP/2020_11 - Kilpisjärvi/Capture/CaptureOne/Cache/Proxies/IMGP1650.DNG.cof: 0d6710bf05d2274f04689c00856489e2
2025-05-08 22:52:27 checksum_comparison: [OK] Checksums match for /Users/jenswegar/SyncSpace/Photo WIP/2020_11 - Kilpisjärvi/Capture/CaptureOne/Cache/Proxies/IMGP1650.DNG.cop: 7990a845e7dc06c95a9fab87dd23f056
2025-05-08 22:52:27 checksum_comparison: [OK] Checksums match for /Users/jenswegar/SyncSpace/Photo WIP/2020_11 - Kilpisjärvi/Capture/CaptureOne/Cache/Proxies/IMGP1651.DNG.cof: 9674c407a624152881586002b6a2d06f
2025-05-08 22:52:27 checksum_comparison: [OK] Checksums match for /Users/jenswegar/SyncSpace/Photo WIP/2020_11 - Kilpisjärvi/Capture/CaptureOne/Cache/Proxies/IMGP1651.DNG.cop: d4294d6166058d0748836543bc57b2f3
2025-05-08 22:52:27 checksum_comparison: [OK] Checksums match for /Users/jenswegar/SyncSpace/Photo WIP/2020_11 - Kilpisjärvi/Capture/CaptureOne/Cache/Thumbnails/IMGP1583.DNG.[55bae3a8-a280-4609-b7a3-23cb6014c87a].cot: 5becba43acc7a0ebc15a2c424eb99387
2025-05-08 22:52:27 checksum_comparison: [OK] Checksums match for /Users/jenswegar/SyncSpace/Photo WIP/2020_11 - Kilpisjärvi/Capture/CaptureOne/Cache/Thumbnails/IMGP1584.DNG.[476275fc-0d33-43f9-aecc-052642d29cb4].cot: 42100abed33cb202723c7e625cbf9a0d
2025-05-08 22:52:27 checksum_comparison: [OK] Checksums match for /Users/jenswegar/SyncSpace/Photo WIP/2020_11 - Kilpisjärvi/Capture/CaptureOne/Cache/Thumbnails/IMGP1585.DNG.[961b0027-6c31-4427-b0f8-df58e29c3e67].cot: 15f23c31927cf0d12179f62cd96a407b
2025-05-08 22:52:27 checksum_comparison: [OK] Checksums match for /Users/jenswegar/SyncSpace/Photo WIP/2020_11 - Kilpisjärvi/Capture/CaptureOne/Cache/Thumbnails/IMGP1586.DNG.[c575aa6c-9bff-487d-bca7-fc2ca94706b5].cot: 1d92ca5e3bf8b2ae39ba7971d48ab2e5
2025-05-08 22:52:27 checksum_comparison: [OK] Checksums match for /Users/jenswegar/SyncSpace/Photo WIP/2020_11 - Kilpisjärvi/Capture/CaptureOne/Cache/Thumbnails/IMGP1587.DNG.[14abd71e-48f3-4a66-92dc-38a4f544ffa4].cot: 6133a680d20e805e50774a4a9d4d860e
2025-05-08 22:52:27 checksum_comparison: [OK] Checksums match for /Users/jenswegar/SyncSpace/Photo WIP/2020_11 - Kilpisjärvi/Capture/CaptureOne/Cache/Thumbnails/IMGP1588.DNG.[d35e2ead-6d3f-474a-a8c4-72665f9e3dbb].cot: 063b26a2290966e0b53cef20089a78fb
2025-05-08 22:52:27 checksum_comparison: [OK] Checksums match for /Users/jenswegar/SyncSpace/Photo WIP/2020_11 - Kilpisjärvi/Capture/CaptureOne/Cache/Thumbnails/IMGP1589.DNG.[d5b347ff-79a6-4a29-8d04-502b0d966be9].cot: dc26c723ac3b6c6c89e58b01684c9b8f
2025-05-08 22:52:27 checksum_comparison: [OK] Checksums match for /Users/jenswegar/SyncSpace/Photo WIP/2020_11 - Kilpisjärvi/Capture/CaptureOne/Cache/Thumbnails/IMGP1590.DNG.[efef01b3-f767-4de8-a843-c2da26d1f044].cot: 2e6b7d8efc14720983a8c2732870ea2c
2025-05-08 22:52:27 checksum_comparison: [OK] Checksums match for /Users/jenswegar/SyncSpace/Photo WIP/2020_11 - Kilpisjärvi/Capture/CaptureOne/Cache/Thumbnails/IMGP1591.DNG.[500d5acd-4255-4aa6-9580-74d3f38bf384].cot: d32eb0ee10973ee18b0de4f9bf2e528a
2025-05-08 22:52:28 checksum_comparison: [OK] Checksums match for /Users/jenswegar/SyncSpace/Photo WIP/2020_11 - Kilpisjärvi/Capture/CaptureOne/Cache/Thumbnails/IMGP1592.DNG.[a4e58aff-63da-4953-9c1d-b984e5d47a87].cot: b0cfb411153cbc694299c77a7fca945a
2025-05-08 22:52:28 checksum_comparison: [OK] Checksums match for /Users/jenswegar/SyncSpace/Photo WIP/2020_11 - Kilpisjärvi/Capture/CaptureOne/Cache/Thumbnails/IMGP1593.DNG.[e4df44ca-0b4e-4b0c-ae79-b1385ee999fb].cot: cc00e7b702da682d648354b0e0f647ab
2025-05-08 22:52:28 checksum_comparison: [OK] Checksums match for /Users/jenswegar/SyncSpace/Photo WIP/2020_11 - Kilpisjärvi/Capture/CaptureOne/Cache/Thumbnails/IMGP1595.DNG.[ca870adf-c971-4d78-8451-f79f72a1f2db].cot: cffcde4e5c7303f7809e89a98acea3d9
2025-05-08 22:52:28 checksum_comparison: [OK] Checksums match for /Users/jenswegar/SyncSpace/Photo WIP/2020_11 - Kilpisjärvi/Capture/CaptureOne/Cache/Thumbnails/IMGP1596.DNG.[f92d517a-6a50-4e5b-8939-566cabc9a892].cot: ef93187dabe1a3facb473fc392297559
2025-05-08 22:52:28 checksum_comparison: [OK] Checksums match for /Users/jenswegar/SyncSpace/Photo WIP/2020_11 - Kilpisjärvi/Capture/CaptureOne/Cache/Thumbnails/IMGP1597.DNG.[cbeeaf7f-203e-463f-9d63-2c3b96801349].cot: 67dec285fcc52ad50865f00a19855fae
2025-05-08 22:52:28 checksum_comparison: [OK] Checksums match for /Users/jenswegar/SyncSpace/Photo WIP/2020_11 - Kilpisjärvi/Capture/CaptureOne/Cache/Thumbnails/IMGP1598.DNG.[b8dd6d86-d20c-4a60-a565-acb42749b141].cot: f4433a3bb5a0af7d2908797332ac0ab2
2025-05-08 22:52:28 checksum_comparison: [OK] Checksums match for /Users/jenswegar/SyncSpace/Photo WIP/2020_11 - Kilpisjärvi/Capture/CaptureOne/Cache/Thumbnails/IMGP1599.DNG.[c39e7119-81cc-4e57-88ae-b261ea534fb8].cot: 45382b296a0424c19a6296dca0ec37fc
2025-05-08 22:52:28 checksum_comparison: [OK] Checksums match for /Users/jenswegar/SyncSpace/Photo WIP/2020_11 - Kilpisjärvi/Capture/CaptureOne/Cache/Thumbnails/IMGP1600.DNG.[2646ef42-bd57-4586-98d3-b626b685ca57].cot: 09a7ff743586fad1749981e32f8cfc7d
2025-05-08 22:52:28 checksum_comparison: [OK] Checksums match for /Users/jenswegar/SyncSpace/Photo WIP/2020_11 - Kilpisjärvi/Capture/CaptureOne/Cache/Thumbnails/IMGP1601.DNG.[2a573bd3-69cc-46f8-9972-d206918e6273].cot: a7f937c045b68b8dd6bd3390e3158e42
2025-05-08 22:52:28 checksum_comparison: [OK] Checksums match for /Users/jenswegar/SyncSpace/Photo WIP/2020_11 - Kilpisjärvi/Capture/CaptureOne/Cache/Thumbnails/IMGP1602.DNG.[6727ede6-56af-48ef-ae72-4305ff57e8bf].cot: c0a3db2add534edd6b5e6472545f00c7
2025-05-08 22:52:28 checksum_comparison: [OK] Checksums match for /Users/jenswegar/SyncSpace/Photo WIP/2020_11 - Kilpisjärvi/Capture/CaptureOne/Cache/Thumbnails/IMGP1603.DNG.[c579bd74-8272-4045-81c6-3cce8b6ff830].cot: 9dc541ef08b5b198de7e8e6b48d9b315
2025-05-08 22:52:28 checksum_comparison: [OK] Checksums match for /Users/jenswegar/SyncSpace/Photo WIP/2020_11 - Kilpisjärvi/Capture/CaptureOne/Cache/Thumbnails/IMGP1605.DNG.[cf28a685-5688-4597-933b-63e5b993881b].cot: 50dea58beb9601a755d07aa33b2fe26f
2025-05-08 22:52:28 checksum_comparison: [OK] Checksums match for /Users/jenswegar/SyncSpace/Photo WIP/2020_11 - Kilpisjärvi/Capture/CaptureOne/Cache/Thumbnails/IMGP1606.DNG.[28a050c1-b3f5-49ff-8bd5-e4e35ebfccfe].cot: 309d8aa3249ec1af9d40fede5497349d
2025-05-08 22:52:28 checksum_comparison: [OK] Checksums match for /Users/jenswegar/SyncSpace/Photo WIP/2020_11 - Kilpisjärvi/Capture/CaptureOne/Cache/Thumbnails/IMGP1607.DNG.[9796d703-a7a8-49c6-afac-cea9f526b83f].cot: b91bee74de9ce926bba6c79efa2d1f69
2025-05-08 22:52:29 checksum_comparison: [OK] Checksums match for /Users/jenswegar/SyncSpace/Photo WIP/2020_11 - Kilpisjärvi/Capture/CaptureOne/Cache/Thumbnails/IMGP1608.DNG.[e5b35cb5-c96e-42c0-ba28-f12e3b2716a0].cot: a2b685ff6ef7e5451fc3ebc030e9e4f2
2025-05-08 22:52:29 checksum_comparison: [OK] Checksums match for /Users/jenswegar/SyncSpace/Photo WIP/2020_11 - Kilpisjärvi/Capture/CaptureOne/Cache/Thumbnails/IMGP1609.DNG.[b3653604-bea3-432c-9231-a0ab27c86496].cot: 5cac5226c394209d5b4a1d576d58d6d9
2025-05-08 22:52:29 checksum_comparison: [OK] Checksums match for /Users/jenswegar/SyncSpace/Photo WIP/2020_11 - Kilpisjärvi/Capture/CaptureOne/Cache/Thumbnails/IMGP1610.DNG.[bb89c547-1236-4bb7-9a77-9aa60c94e373].cot: d5f94c6d3a1e9d8986aec159c73cc481
2025-05-08 22:52:29 checksum_comparison: [OK] Checksums match for /Users/jenswegar/SyncSpace/Photo WIP/2020_11 - Kilpisjärvi/Capture/CaptureOne/Cache/Thumbnails/IMGP1611.DNG.[4bb90e09-a1bb-406e-b0f8-24f5f1a883a3].cot: 9cadd62753796fac60a002c99c23a52d
2025-05-08 22:52:29 checksum_comparison: [OK] Checksums match for /Users/jenswegar/SyncSpace/Photo WIP/2020_11 - Kilpisjärvi/Capture/CaptureOne/Cache/Thumbnails/IMGP1612.DNG.[37fd1786-68eb-4428-a3b6-8e0b1787583a].cot: 1ca2f094fa3b95c17d278c8228e88507
2025-05-08 22:52:29 checksum_comparison: [OK] Checksums match for /Users/jenswegar/SyncSpace/Photo WIP/2020_11 - Kilpisjärvi/Capture/CaptureOne/Cache/Thumbnails/IMGP1613.DNG.[77802668-3739-42cb-9e4f-17f95408c8b2].cot: 8dd3e3bfb26699b9c975a03afbd9fa86
2025-05-08 22:52:29 checksum_comparison: [OK] Checksums match for /Users/jenswegar/SyncSpace/Photo WIP/2020_11 - Kilpisjärvi/Capture/CaptureOne/Cache/Thumbnails/IMGP1614.DNG.[37f347c9-8bbd-4904-a032-75265758442c].cot: a399b9eddb05faf2dc01401d915b95da
2025-05-08 22:52:29 checksum_comparison: [OK] Checksums match for /Users/jenswegar/SyncSpace/Photo WIP/2020_11 - Kilpisjärvi/Capture/CaptureOne/Cache/Thumbnails/IMGP1615.DNG.[54cea641-e4ef-44aa-8519-8fe7b479f14e].cot: e53efd694870bed1b34db103e675c9c0
2025-05-08 22:52:29 checksum_comparison: [OK] Checksums match for /Users/jenswegar/SyncSpace/Photo WIP/2020_11 - Kilpisjärvi/Capture/CaptureOne/Cache/Thumbnails/IMGP1616.DNG.[90ee76b6-c59a-406e-8acd-a243757d646a].cot: 03a113b37d24ea03fcdc40b021bdfc8a
2025-05-08 22:52:29 checksum_comparison: [OK] Checksums match for /Users/jenswegar/SyncSpace/Photo WIP/2020_11 - Kilpisjärvi/Capture/CaptureOne/Cache/Thumbnails/IMGP1617.DNG.[86b75475-4c71-4d2f-898f-eb8cab7bb2bf].cot: d957d62cbb6aae97704d92247585cb9f
2025-05-08 22:52:29 checksum_comparison: [OK] Checksums match for /Users/jenswegar/SyncSpace/Photo WIP/2020_11 - Kilpisjärvi/Capture/CaptureOne/Cache/Thumbnails/IMGP1619.DNG.[8b331c0e-545b-4a6d-86b8-5f35e19a0a61].cot: 84e671d11434bc1d5cb56fc4616e070c
2025-05-08 22:52:29 checksum_comparison: [OK] Checksums match for /Users/jenswegar/SyncSpace/Photo WIP/2020_11 - Kilpisjärvi/Capture/CaptureOne/Cache/Thumbnails/IMGP1620.DNG.[e9174a61-552e-4852-ab13-53d7fa82954d].cot: f48548ded92fb1647eec0ade928a1ceb
2025-05-08 22:52:29 checksum_comparison: [OK] Checksums match for /Users/jenswegar/SyncSpace/Photo WIP/2020_11 - Kilpisjärvi/Capture/CaptureOne/Cache/Thumbnails/IMGP1621.DNG.[ecb68c23-6ff9-42ef-93e9-344de1e78437].cot: 6f4d07b38788f46c5d70149672cd5219
2025-05-08 22:52:29 checksum_comparison: [OK] Checksums match for /Users/jenswegar/SyncSpace/Photo WIP/2020_11 - Kilpisjärvi/Capture/CaptureOne/Cache/Thumbnails/IMGP1622.DNG.[030a495d-d8d2-4153-bb1a-a0953e9a82af].cot: a5e96edf96992e3e4129f29184ead602
2025-05-08 22:52:30 checksum_comparison: [OK] Checksums match for /Users/jenswegar/SyncSpace/Photo WIP/2020_11 - Kilpisjärvi/Capture/CaptureOne/Cache/Thumbnails/IMGP1623.DNG.[b522c3a4-adf0-44bb-9e01-0ddeccef141c].cot: 86d3057f17191f6e65ea0ae1d39db938
2025-05-08 22:52:30 checksum_comparison: [OK] Checksums match for /Users/jenswegar/SyncSpace/Photo WIP/2020_11 - Kilpisjärvi/Capture/CaptureOne/Cache/Thumbnails/IMGP1624.DNG.[8580506c-590a-4824-ac96-4c8f38e8d122].cot: bdaa2d7bdf38f9df622c15cd451452ac
2025-05-08 22:52:30 checksum_comparison: [OK] Checksums match for /Users/jenswegar/SyncSpace/Photo WIP/2020_11 - Kilpisjärvi/Capture/CaptureOne/Cache/Thumbnails/IMGP1625.DNG.[54583d24-2dbb-437f-a060-41ad263d66c2].cot: d9c8cb399daa7208c11e91ef43d0e430
2025-05-08 22:52:30 checksum_comparison: [OK] Checksums match for /Users/jenswegar/SyncSpace/Photo WIP/2020_11 - Kilpisjärvi/Capture/CaptureOne/Cache/Thumbnails/IMGP1626.DNG.[ff25e802-5288-43c6-bc7d-1bce3e1dbf94].cot: 83d0b399a3a3fc43e476ea74904f14d4
2025-05-08 22:52:30 checksum_comparison: [OK] Checksums match for /Users/jenswegar/SyncSpace/Photo WIP/2020_11 - Kilpisjärvi/Capture/CaptureOne/Cache/Thumbnails/IMGP1627.DNG.[9c0dd1b2-6c17-4d58-aab9-398cc44a0ce9].cot: 50002ba6b8ee3c92f50f267c5b4af065
2025-05-08 22:52:30 checksum_comparison: [OK] Checksums match for /Users/jenswegar/SyncSpace/Photo WIP/2020_11 - Kilpisjärvi/Capture/CaptureOne/Cache/Thumbnails/IMGP1628.DNG.[bfb06a61-8fc7-4a0e-a389-407aa2e0a67a].cot: 3b02f9c6cc0c33630bd0189c85991ad7
2025-05-08 22:52:30 checksum_comparison: [OK] Checksums match for /Users/jenswegar/SyncSpace/Photo WIP/2020_11 - Kilpisjärvi/Capture/CaptureOne/Cache/Thumbnails/IMGP1629.DNG.[27ad40fa-d482-43ba-8eee-78f727c9940f].cot: ed37fdd3d359d0cd73dcf8aab321fc5c
2025-05-08 22:52:30 checksum_comparison: [OK] Checksums match for /Users/jenswegar/SyncSpace/Photo WIP/2020_11 - Kilpisjärvi/Capture/CaptureOne/Cache/Thumbnails/IMGP1630.DNG.[c08bb76a-91ff-4cc1-a113-c413e9f8d3ea].cot: 514f0c4ce9778315c51fb25a5cf64d18
2025-05-08 22:52:30 checksum_comparison: [OK] Checksums match for /Users/jenswegar/SyncSpace/Photo WIP/2020_11 - Kilpisjärvi/Capture/CaptureOne/Cache/Thumbnails/IMGP1631.DNG.[7bce6823-77c1-491a-bd05-f58cd04c8738].cot: 7c4a5eb36fe7de691e5f868ba3a44e8e
2025-05-08 22:52:30 checksum_comparison: [OK] Checksums match for /Users/jenswegar/SyncSpace/Photo WIP/2020_11 - Kilpisjärvi/Capture/CaptureOne/Cache/Thumbnails/IMGP1632.DNG.[dec537d3-fa08-4c6e-9bc4-6fdc613fa24c].cot: 2405aef1052df8fbb049295c78032e07
2025-05-08 22:52:30 checksum_comparison: [OK] Checksums match for /Users/jenswegar/SyncSpace/Photo WIP/2020_11 - Kilpisjärvi/Capture/CaptureOne/Cache/Thumbnails/IMGP1633.DNG.[f6f87edd-b696-4b68-8406-b2f9978db685].cot: 4b0099e72fa84c6df52832a98b36b9eb
2025-05-08 22:52:30 checksum_comparison: [OK] Checksums match for /Users/jenswegar/SyncSpace/Photo WIP/2020_11 - Kilpisjärvi/Capture/CaptureOne/Cache/Thumbnails/IMGP1634.DNG.[09b5337b-3666-404c-bcb0-2d6f0baaf006].cot: a9af8955267896bdb62ecdacb83f024d
2025-05-08 22:52:30 checksum_comparison: [OK] Checksums match for /Users/jenswegar/SyncSpace/Photo WIP/2020_11 - Kilpisjärvi/Capture/CaptureOne/Cache/Thumbnails/IMGP1635.DNG.[5aee98d4-b5aa-4699-b0b9-15492e4b94b5].cot: add4f147b0b48446b34a622f677c412f
2025-05-08 22:52:30 checksum_comparison: [OK] Checksums match for /Users/jenswegar/SyncSpace/Photo WIP/2020_11 - Kilpisjärvi/Capture/CaptureOne/Cache/Thumbnails/IMGP1636.DNG.[f32f4ac0-a6cb-49b8-a8e1-685f4c3a8323].cot: 2a8014858875fec4ed7fbcedd7067f5c
2025-05-08 22:52:31 checksum_comparison: [OK] Checksums match for /Users/jenswegar/SyncSpace/Photo WIP/2020_11 - Kilpisjärvi/Capture/CaptureOne/Cache/Thumbnails/IMGP1637.DNG.[f18c5431-3a88-4ecb-91f3-7cc2b5ff87d6].cot: ba5242f3d830f63a05f2a635aef36ba1
2025-05-08 22:52:31 checksum_comparison: [OK] Checksums match for /Users/jenswegar/SyncSpace/Photo WIP/2020_11 - Kilpisjärvi/Capture/CaptureOne/Cache/Thumbnails/IMGP1638.DNG.[40af8aeb-8d44-4ba2-a0f5-e480f1c7d7fd].cot: ffb8312dd755c8c365cb246b5f4bd262
2025-05-08 22:52:31 checksum_comparison: [OK] Checksums match for /Users/jenswegar/SyncSpace/Photo WIP/2020_11 - Kilpisjärvi/Capture/CaptureOne/Cache/Thumbnails/IMGP1639.DNG.[5a2a1670-622d-45c6-888f-541598318d41].cot: eea9d1d669c7b0ae47f7bd6b7f57a4bf
2025-05-08 22:52:31 checksum_comparison: [OK] Checksums match for /Users/jenswegar/SyncSpace/Photo WIP/2020_11 - Kilpisjärvi/Capture/CaptureOne/Cache/Thumbnails/IMGP1640.DNG.[7427985a-37a6-4e0a-94fb-f0e36eea5226].cot: 649102a9ae8427315bb9358e47e375a7
2025-05-08 22:52:31 checksum_comparison: [OK] Checksums match for /Users/jenswegar/SyncSpace/Photo WIP/2020_11 - Kilpisjärvi/Capture/CaptureOne/Cache/Thumbnails/IMGP1641.DNG.[5bf6ee73-5e9b-4c84-b61a-1431c6a4f08a].cot: 26ea80f93bb7dc45cd4a6921fb27ac0a
2025-05-08 22:52:31 checksum_comparison: [OK] Checksums match for /Users/jenswegar/SyncSpace/Photo WIP/2020_11 - Kilpisjärvi/Capture/CaptureOne/Cache/Thumbnails/IMGP1642.DNG.[4ede78da-f5b4-4054-b133-f0007b4a6fd9].cot: d719d3de4a78e3ca7bed49cb8f2aa41a
2025-05-08 22:52:31 checksum_comparison: [OK] Checksums match for /Users/jenswegar/SyncSpace/Photo WIP/2020_11 - Kilpisjärvi/Capture/CaptureOne/Cache/Thumbnails/IMGP1643.DNG.[5d426055-cdd4-4b38-9b05-bfd94f3eae34].cot: 7db8db5127c375f507b8d8214e30a014
2025-05-08 22:52:31 checksum_comparison: [OK] Checksums match for /Users/jenswegar/SyncSpace/Photo WIP/2020_11 - Kilpisjärvi/Capture/CaptureOne/Cache/Thumbnails/IMGP1644.DNG.[0a1b6a3c-c908-45a0-b501-50db91b8bb9d].cot: 24dbb22261306286a7056c21f5d24d97
2025-05-08 22:52:31 checksum_comparison: [OK] Checksums match for /Users/jenswegar/SyncSpace/Photo WIP/2020_11 - Kilpisjärvi/Capture/CaptureOne/Cache/Thumbnails/IMGP1647.DNG.[d6b412e8-3ae3-4b72-a919-6988f34a19d5].cot: 23f980bd8cf27218dfc8698650de615a
2025-05-08 22:52:31 checksum_comparison: [OK] Checksums match for /Users/jenswegar/SyncSpace/Photo WIP/2020_11 - Kilpisjärvi/Capture/CaptureOne/Cache/Thumbnails/IMGP1648.DNG.[36a0a20c-66c1-409c-8ffe-e79b719c22aa].cot: 42bef1b3fd04e253b2fbec94fe4b51bb
2025-05-08 22:52:31 checksum_comparison: [OK] Checksums match for /Users/jenswegar/SyncSpace/Photo WIP/2020_11 - Kilpisjärvi/Capture/CaptureOne/Cache/Thumbnails/IMGP1649.DNG.[71a8bdba-b94d-433b-882d-f6ffba98c463].cot: be2c519aabdcf2b46322488bbf0cbc32
2025-05-08 22:52:31 checksum_comparison: [OK] Checksums match for /Users/jenswegar/SyncSpace/Photo WIP/2020_11 - Kilpisjärvi/Capture/CaptureOne/Cache/Thumbnails/IMGP1650.DNG.[1ff276b5-8102-454f-bd43-d47807f92420].cot: cf6e1bfbe391309c052fe622f64714b7
2025-05-08 22:52:31 checksum_comparison: [OK] Checksums match for /Users/jenswegar/SyncSpace/Photo WIP/2020_11 - Kilpisjärvi/Capture/CaptureOne/Cache/Thumbnails/IMGP1651.DNG.[c0e76298-19a8-4d94-ab60-39a27a8c3fe7].cot: d7e1fc14c0d84aac22d80202f56a066e
2025-05-08 22:52:32 checksum_comparison: [OK] Checksums match for /Users/jenswegar/SyncSpace/Photo WIP/2020_11 - Kilpisjärvi/Capture/CaptureOne/Settings165/IMGP1583.DNG.cos: 69a454eab931ef5d52898184c816486f
2025-05-08 22:52:32 checksum_comparison: [OK] Checksums match for /Users/jenswegar/SyncSpace/Photo WIP/2020_11 - Kilpisjärvi/Capture/CaptureOne/Settings165/IMGP1584.DNG.cos: ca10553c2f5e322aef1d1ce88f094565
2025-05-08 22:52:32 checksum_comparison: [OK] Checksums match for /Users/jenswegar/SyncSpace/Photo WIP/2020_11 - Kilpisjärvi/Capture/CaptureOne/Settings165/IMGP1585.DNG.cos: e0543ad900f1c7ca20a2e3124a9e0117
2025-05-08 22:52:32 checksum_comparison: [OK] Checksums match for /Users/jenswegar/SyncSpace/Photo WIP/2020_11 - Kilpisjärvi/Capture/CaptureOne/Settings165/IMGP1586.DNG.cos: efa648fe74c49542d1b4a29a666dbd0c
2025-05-08 22:52:32 checksum_comparison: [OK] Checksums match for /Users/jenswegar/SyncSpace/Photo WIP/2020_11 - Kilpisjärvi/Capture/CaptureOne/Settings165/IMGP1587.DNG.cos: 33ffd7f83b0f8e917548a1a010a7b9a3
2025-05-08 22:52:32 checksum_comparison: [OK] Checksums match for /Users/jenswegar/SyncSpace/Photo WIP/2020_11 - Kilpisjärvi/Capture/CaptureOne/Settings165/IMGP1588.DNG.cos: b07ba1c476d69e254f760f18dba908cf
2025-05-08 22:52:32 checksum_comparison: [OK] Checksums match for /Users/jenswegar/SyncSpace/Photo WIP/2020_11 - Kilpisjärvi/Capture/CaptureOne/Settings165/IMGP1589.DNG.cos: e07add347f4f075ed6af9ed5a82ea5d3
2025-05-08 22:52:32 checksum_comparison: [OK] Checksums match for /Users/jenswegar/SyncSpace/Photo WIP/2020_11 - Kilpisjärvi/Capture/CaptureOne/Settings165/IMGP1590.DNG.cos: 4cedee6d4b078e5202ddfba65fb7f7a2
2025-05-08 22:52:32 checksum_comparison: [OK] Checksums match for /Users/jenswegar/SyncSpace/Photo WIP/2020_11 - Kilpisjärvi/Capture/CaptureOne/Settings165/IMGP1591.DNG.cos: f19e0e4b59603e0d357da966e4609440
2025-05-08 22:52:32 checksum_comparison: [OK] Checksums match for /Users/jenswegar/SyncSpace/Photo WIP/2020_11 - Kilpisjärvi/Capture/CaptureOne/Settings165/IMGP1592.DNG.cos: 1e61ee597215d71a7a7cd7dfb9a75e9f
2025-05-08 22:52:32 checksum_comparison: [OK] Checksums match for /Users/jenswegar/SyncSpace/Photo WIP/2020_11 - Kilpisjärvi/Capture/CaptureOne/Settings165/IMGP1593.DNG.cos: 4a16ac44592daca6430e6068ab8427f6
2025-05-08 22:52:32 checksum_comparison: [OK] Checksums match for /Users/jenswegar/SyncSpace/Photo WIP/2020_11 - Kilpisjärvi/Capture/CaptureOne/Settings165/IMGP1595.DNG.cos: 3a9ce1784901cc4dcc5226f38d3b81f7
2025-05-08 22:52:32 checksum_comparison: [OK] Checksums match for /Users/jenswegar/SyncSpace/Photo WIP/2020_11 - Kilpisjärvi/Capture/CaptureOne/Settings165/IMGP1596.DNG.cos: 78e6cd7685c08c3f646a873197971a4a
2025-05-08 22:52:32 checksum_comparison: [OK] Checksums match for /Users/jenswegar/SyncSpace/Photo WIP/2020_11 - Kilpisjärvi/Capture/CaptureOne/Settings165/IMGP1597.DNG.cos: 9b11adad5481171d375380d81e0b1add
2025-05-08 22:52:33 checksum_comparison: [OK] Checksums match for /Users/jenswegar/SyncSpace/Photo WIP/2020_11 - Kilpisjärvi/Capture/CaptureOne/Settings165/IMGP1598.DNG.cos: 24adc978277fb35996f420a349693c4b
2025-05-08 22:52:33 checksum_comparison: [OK] Checksums match for /Users/jenswegar/SyncSpace/Photo WIP/2020_11 - Kilpisjärvi/Capture/CaptureOne/Settings165/IMGP1599.DNG.cos: b982029bdab1668f4aa0f640ad4c5be0
2025-05-08 22:52:33 checksum_comparison: [OK] Checksums match for /Users/jenswegar/SyncSpace/Photo WIP/2020_11 - Kilpisjärvi/Capture/CaptureOne/Settings165/IMGP1600.DNG.cos: 9d793a16ebd35e9c1b3c52f28b33a2a6
2025-05-08 22:52:33 checksum_comparison: [OK] Checksums match for /Users/jenswegar/SyncSpace/Photo WIP/2020_11 - Kilpisjärvi/Capture/CaptureOne/Settings165/IMGP1601.DNG.cos: ce45d822e68987088de3138f567ea315
2025-05-08 22:52:33 checksum_comparison: [OK] Checksums match for /Users/jenswegar/SyncSpace/Photo WIP/2020_11 - Kilpisjärvi/Capture/CaptureOne/Settings165/IMGP1602.DNG.cos: 3ce0de91aafbf1993e71f2ab96725c6a
2025-05-08 22:52:33 checksum_comparison: [OK] Checksums match for /Users/jenswegar/SyncSpace/Photo WIP/2020_11 - Kilpisjärvi/Capture/CaptureOne/Settings165/IMGP1603.DNG.cos: 30e24a0330e3b0a3efb70827aa3a3353
2025-05-08 22:52:33 checksum_comparison: [OK] Checksums match for /Users/jenswegar/SyncSpace/Photo WIP/2020_11 - Kilpisjärvi/Capture/CaptureOne/Settings165/IMGP1605.DNG.cos: f2da4864837442a74b6dc8da027ae0b3
2025-05-08 22:52:33 checksum_comparison: [OK] Checksums match for /Users/jenswegar/SyncSpace/Photo WIP/2020_11 - Kilpisjärvi/Capture/CaptureOne/Settings165/IMGP1606.DNG.cos: 0eb78c69c2cdbb96ac66d3d543ceb7ad
2025-05-08 22:52:33 checksum_comparison: [OK] Checksums match for /Users/jenswegar/SyncSpace/Photo WIP/2020_11 - Kilpisjärvi/Capture/CaptureOne/Settings165/IMGP1607.DNG.cos: 3e133460334a1effd3dfe78aba77fd95
2025-05-08 22:52:33 checksum_comparison: [OK] Checksums match for /Users/jenswegar/SyncSpace/Photo WIP/2020_11 - Kilpisjärvi/Capture/CaptureOne/Settings165/IMGP1608.DNG.cos: 789886d614d5ea23109893e8f48f039c
2025-05-08 22:52:33 checksum_comparison: [OK] Checksums match for /Users/jenswegar/SyncSpace/Photo WIP/2020_11 - Kilpisjärvi/Capture/CaptureOne/Settings165/IMGP1609.DNG.cos: 987f9be0bc7a2d3863435d6f1a4285bb
2025-05-08 22:52:33 checksum_comparison: [OK] Checksums match for /Users/jenswegar/SyncSpace/Photo WIP/2020_11 - Kilpisjärvi/Capture/CaptureOne/Settings165/IMGP1610.DNG.cos: f31e452a4148b374a038a469e47d2484
2025-05-08 22:52:33 checksum_comparison: [OK] Checksums match for /Users/jenswegar/SyncSpace/Photo WIP/2020_11 - Kilpisjärvi/Capture/CaptureOne/Settings165/IMGP1611.DNG.cos: 2dc7c89681b113234af7682deb6bd9e3
2025-05-08 22:52:33 checksum_comparison: [OK] Checksums match for /Users/jenswegar/SyncSpace/Photo WIP/2020_11 - Kilpisjärvi/Capture/CaptureOne/Settings165/IMGP1612.DNG.cos: e3b71f46895999929bc5dac0edc9b6a4
2025-05-08 22:52:34 checksum_comparison: [OK] Checksums match for /Users/jenswegar/SyncSpace/Photo WIP/2020_11 - Kilpisjärvi/Capture/CaptureOne/Settings165/IMGP1613.DNG.cos: 4e7cb582a065d1d66e270f03e7291e75
2025-05-08 22:52:34 checksum_comparison: [OK] Checksums match for /Users/jenswegar/SyncSpace/Photo WIP/2020_11 - Kilpisjärvi/Capture/CaptureOne/Settings165/IMGP1614.DNG.cos: edecf9542fef4f590bea9ddd31d2a902
2025-05-08 22:52:34 checksum_comparison: [OK] Checksums match for /Users/jenswegar/SyncSpace/Photo WIP/2020_11 - Kilpisjärvi/Capture/CaptureOne/Settings165/IMGP1615.DNG.cos: 004aeba08dfa8f7e0ee4f863f474a7d1
2025-05-08 22:52:34 checksum_comparison: [OK] Checksums match for /Users/jenswegar/SyncSpace/Photo WIP/2020_11 - Kilpisjärvi/Capture/CaptureOne/Settings165/IMGP1616.DNG.cos: 4e2ec1de5fadd32b35aa370ec083086e
2025-05-08 22:52:34 checksum_comparison: [OK] Checksums match for /Users/jenswegar/SyncSpace/Photo WIP/2020_11 - Kilpisjärvi/Capture/CaptureOne/Settings165/IMGP1617.DNG.cos: dbb65f0c0a4ab0687e7e7f2809332b3f
2025-05-08 22:52:34 checksum_comparison: [OK] Checksums match for /Users/jenswegar/SyncSpace/Photo WIP/2020_11 - Kilpisjärvi/Capture/CaptureOne/Settings165/IMGP1619.DNG.cos: fcccfc777b303aa4eae5c7ff63e5f6a5
2025-05-08 22:52:34 checksum_comparison: [OK] Checksums match for /Users/jenswegar/SyncSpace/Photo WIP/2020_11 - Kilpisjärvi/Capture/CaptureOne/Settings165/IMGP1620.DNG.cos: 15078c02c0dff1addc1e39b58ce4b6ae
2025-05-08 22:52:34 checksum_comparison: [OK] Checksums match for /Users/jenswegar/SyncSpace/Photo WIP/2020_11 - Kilpisjärvi/Capture/CaptureOne/Settings165/IMGP1621.DNG.cos: 101d81ba9ab8904cf86fa9d616a0fea1
2025-05-08 22:52:34 checksum_comparison: [OK] Checksums match for /Users/jenswegar/SyncSpace/Photo WIP/2020_11 - Kilpisjärvi/Capture/CaptureOne/Settings165/IMGP1622.DNG.cos: 87d54137648db81c2d257de36ee0f679
2025-05-08 22:52:34 checksum_comparison: [OK] Checksums match for /Users/jenswegar/SyncSpace/Photo WIP/2020_11 - Kilpisjärvi/Capture/CaptureOne/Settings165/IMGP1623.DNG.cos: a30b0ab70c5b06e06fc399caadfd5ce8
2025-05-08 22:52:34 checksum_comparison: [OK] Checksums match for /Users/jenswegar/SyncSpace/Photo WIP/2020_11 - Kilpisjärvi/Capture/CaptureOne/Settings165/IMGP1624.DNG.cos: 0fae395c3df203b8fa166c7ff8e7b5fb
2025-05-08 22:52:34 checksum_comparison: [OK] Checksums match for /Users/jenswegar/SyncSpace/Photo WIP/2020_11 - Kilpisjärvi/Capture/CaptureOne/Settings165/IMGP1625.DNG.cos: 75740df65cca5118e65bf4824b08c194
2025-05-08 22:52:34 checksum_comparison: [OK] Checksums match for /Users/jenswegar/SyncSpace/Photo WIP/2020_11 - Kilpisjärvi/Capture/CaptureOne/Settings165/IMGP1626.DNG.cos: fb4746b806dae553c92dc218634b99a5
2025-05-08 22:52:34 checksum_comparison: [OK] Checksums match for /Users/jenswegar/SyncSpace/Photo WIP/2020_11 - Kilpisjärvi/Capture/CaptureOne/Settings165/IMGP1627.DNG.cos: 2abd89c06a3b1edb1c9eb1e57cbc8531
2025-05-08 22:52:34 checksum_comparison: [OK] Checksums match for /Users/jenswegar/SyncSpace/Photo WIP/2020_11 - Kilpisjärvi/Capture/CaptureOne/Settings165/IMGP1628.DNG.cos: cf6541386d0bcf89ec700439cabe3faa
2025-05-08 22:52:35 checksum_comparison: [OK] Checksums match for /Users/jenswegar/SyncSpace/Photo WIP/2020_11 - Kilpisjärvi/Capture/CaptureOne/Settings165/IMGP1629.DNG.cos: 01332956fae8c888c638fdffaa1cda78
2025-05-08 22:52:35 checksum_comparison: [OK] Checksums match for /Users/jenswegar/SyncSpace/Photo WIP/2020_11 - Kilpisjärvi/Capture/CaptureOne/Settings165/IMGP1630.DNG.cos: 1ce81a2cf41b8b68b283755385416817
2025-05-08 22:52:35 checksum_comparison: [OK] Checksums match for /Users/jenswegar/SyncSpace/Photo WIP/2020_11 - Kilpisjärvi/Capture/CaptureOne/Settings165/IMGP1631.DNG.cos: c5d5c2ff53e42aec7a40d6edc1ccc990
2025-05-08 22:52:35 checksum_comparison: [OK] Checksums match for /Users/jenswegar/SyncSpace/Photo WIP/2020_11 - Kilpisjärvi/Capture/CaptureOne/Settings165/IMGP1632.DNG.cos: f7ec17a3b4425a927dee96558e2663ed
2025-05-08 22:52:35 checksum_comparison: [OK] Checksums match for /Users/jenswegar/SyncSpace/Photo WIP/2020_11 - Kilpisjärvi/Capture/CaptureOne/Settings165/IMGP1633.DNG.cos: 5793e85a198b4337243dad75b5cfa66d
2025-05-08 22:52:35 checksum_comparison: [OK] Checksums match for /Users/jenswegar/SyncSpace/Photo WIP/2020_11 - Kilpisjärvi/Capture/CaptureOne/Settings165/IMGP1634.DNG.cos: 62c721d224ed2afa549048ad4d85332b
2025-05-08 22:52:35 checksum_comparison: [OK] Checksums match for /Users/jenswegar/SyncSpace/Photo WIP/2020_11 - Kilpisjärvi/Capture/CaptureOne/Settings165/IMGP1635.DNG.cos: af4c0a1ad275713d333f5ba958b8cdf0
2025-05-08 22:52:35 checksum_comparison: [OK] Checksums match for /Users/jenswegar/SyncSpace/Photo WIP/2020_11 - Kilpisjärvi/Capture/CaptureOne/Settings165/IMGP1636.DNG.cos: 43b60e7c8989cc72b12c4b702d5f507c
2025-05-08 22:52:35 checksum_comparison: [OK] Checksums match for /Users/jenswegar/SyncSpace/Photo WIP/2020_11 - Kilpisjärvi/Capture/CaptureOne/Settings165/IMGP1637.DNG.cos: 58db0de1bbdc8347345113df394e3540
2025-05-08 22:52:35 checksum_comparison: [OK] Checksums match for /Users/jenswegar/SyncSpace/Photo WIP/2020_11 - Kilpisjärvi/Capture/CaptureOne/Settings165/IMGP1638.DNG.cos: 9d770375a8fc63de0084ad7a339ec996
2025-05-08 22:52:35 checksum_comparison: [OK] Checksums match for /Users/jenswegar/SyncSpace/Photo WIP/2020_11 - Kilpisjärvi/Capture/CaptureOne/Settings165/IMGP1639.DNG.cos: fb7b41def33bae2b969774257d0b5636
2025-05-08 22:52:35 checksum_comparison: [OK] Checksums match for /Users/jenswegar/SyncSpace/Photo WIP/2020_11 - Kilpisjärvi/Capture/CaptureOne/Settings165/IMGP1640.DNG.cos: 3653c2e0b1a89a086dd01351363d0ea3
2025-05-08 22:52:35 checksum_comparison: [OK] Checksums match for /Users/jenswegar/SyncSpace/Photo WIP/2020_11 - Kilpisjärvi/Capture/CaptureOne/Settings165/IMGP1641.DNG.cos: b4a09b856f42da7d7db55b76358a7584
2025-05-08 22:52:36 checksum_comparison: [OK] Checksums match for /Users/jenswegar/SyncSpace/Photo WIP/2020_11 - Kilpisjärvi/Capture/CaptureOne/Settings165/IMGP1642.DNG.cos: caf7dff1f87905c414fb66b0d6e215ec
2025-05-08 22:52:36 checksum_comparison: [OK] Checksums match for /Users/jenswegar/SyncSpace/Photo WIP/2020_11 - Kilpisjärvi/Capture/CaptureOne/Settings165/IMGP1643.DNG.cos: a5fefe9ef016fcbbc71f207ce9d612fd
2025-05-08 22:52:36 checksum_comparison: [OK] Checksums match for /Users/jenswegar/SyncSpace/Photo WIP/2020_11 - Kilpisjärvi/Capture/CaptureOne/Settings165/IMGP1644.DNG.cos: 68628021cc6c8539f722996ab88653cf
2025-05-08 22:52:36 checksum_comparison: [OK] Checksums match for /Users/jenswegar/SyncSpace/Photo WIP/2020_11 - Kilpisjärvi/Capture/CaptureOne/Settings165/IMGP1647.DNG.cos: 9db43b7cf868f8c66dab5a4ed5f928bc
2025-05-08 22:52:36 checksum_comparison: [OK] Checksums match for /Users/jenswegar/SyncSpace/Photo WIP/2020_11 - Kilpisjärvi/Capture/CaptureOne/Settings165/IMGP1648.DNG.cos: ea198383ad438b6dafe58b923b03c404
2025-05-08 22:52:36 checksum_comparison: [OK] Checksums match for /Users/jenswegar/SyncSpace/Photo WIP/2020_11 - Kilpisjärvi/Capture/CaptureOne/Settings165/IMGP1649.DNG.cos: 4ac0090e7c7a17ef50a4966db77b019d
2025-05-08 22:52:36 checksum_comparison: [OK] Checksums match for /Users/jenswegar/SyncSpace/Photo WIP/2020_11 - Kilpisjärvi/Capture/CaptureOne/Settings165/IMGP1650.DNG.cos: 43169c9fe8878d621bbb027034738373
2025-05-08 22:52:36 checksum_comparison: [OK] Checksums match for /Users/jenswegar/SyncSpace/Photo WIP/2020_11 - Kilpisjärvi/Capture/CaptureOne/Settings165/IMGP1651.DNG.cos: b5b73bc004079bcd07dc373c02b25eb1
2025-05-08 22:52:36 checksum_comparison: [OK] Checksums match for /Users/jenswegar/SyncSpace/Photo WIP/2020_11 - Kilpisjärvi/Capture/IMGP1583.DNG: f8b65edaf099d2383e914a00afa1a11b
2025-05-08 22:52:36 checksum_comparison: [OK] Checksums match for /Users/jenswegar/SyncSpace/Photo WIP/2020_11 - Kilpisjärvi/Capture/IMGP1584.DNG: 459f7904e009360decd14e6296a5c023
2025-05-08 22:52:36 checksum_comparison: [OK] Checksums match for /Users/jenswegar/SyncSpace/Photo WIP/2020_11 - Kilpisjärvi/Capture/IMGP1585.DNG: 5a4ffe1702106ce181c4a50a11a05926
2025-05-08 22:52:36 checksum_comparison: [OK] Checksums match for /Users/jenswegar/SyncSpace/Photo WIP/2020_11 - Kilpisjärvi/Capture/IMGP1586.DNG: 48c0d1aa60456786d58b0aa413ce08a1
2025-05-08 22:52:36 checksum_comparison: [OK] Checksums match for /Users/jenswegar/SyncSpace/Photo WIP/2020_11 - Kilpisjärvi/Capture/IMGP1587.DNG: 86de6a1e2b80a4adaa286e783bf56430
2025-05-08 22:52:36 checksum_comparison: [OK] Checksums match for /Users/jenswegar/SyncSpace/Photo WIP/2020_11 - Kilpisjärvi/Capture/IMGP1588.DNG: b7964f4d2c3169bef2b2893bd7d934c6
2025-05-08 22:52:37 checksum_comparison: [OK] Checksums match for /Users/jenswegar/SyncSpace/Photo WIP/2020_11 - Kilpisjärvi/Capture/IMGP1589.DNG: 7af0568f80082e720227ee9e9fb4accb
2025-05-08 22:52:37 checksum_comparison: [OK] Checksums match for /Users/jenswegar/SyncSpace/Photo WIP/2020_11 - Kilpisjärvi/Capture/IMGP1590.DNG: 81c2ad8ac89b590d1372f3f86bbdd0be
2025-05-08 22:52:37 checksum_comparison: [OK] Checksums match for /Users/jenswegar/SyncSpace/Photo WIP/2020_11 - Kilpisjärvi/Capture/IMGP1591.DNG: ebd46f3457fb8d7311ad0e600954049f
2025-05-08 22:52:37 checksum_comparison: [OK] Checksums match for /Users/jenswegar/SyncSpace/Photo WIP/2020_11 - Kilpisjärvi/Capture/IMGP1592.DNG: 77f7a377e52c051184484249222f1340
2025-05-08 22:52:37 checksum_comparison: [OK] Checksums match for /Users/jenswegar/SyncSpace/Photo WIP/2020_11 - Kilpisjärvi/Capture/IMGP1593.DNG: 2bb3106dab2d5d365a604fb3cbaba785
2025-05-08 22:52:37 checksum_comparison: [OK] Checksums match for /Users/jenswegar/SyncSpace/Photo WIP/2020_11 - Kilpisjärvi/Capture/IMGP1595.DNG: ec04d435882f97a096321b490095e5d7
2025-05-08 22:52:37 checksum_comparison: [OK] Checksums match for /Users/jenswegar/SyncSpace/Photo WIP/2020_11 - Kilpisjärvi/Capture/IMGP1596.DNG: 929713b1377c931a49eede4545865054
2025-05-08 22:52:37 checksum_comparison: [OK] Checksums match for /Users/jenswegar/SyncSpace/Photo WIP/2020_11 - Kilpisjärvi/Capture/IMGP1597.DNG: 9d0ffafe46731e3525f83c3008a79c69
2025-05-08 22:52:37 checksum_comparison: [OK] Checksums match for /Users/jenswegar/SyncSpace/Photo WIP/2020_11 - Kilpisjärvi/Capture/IMGP1598.DNG: d6ed857e1ae490398d1d772b6ed3d332
2025-05-08 22:52:37 checksum_comparison: [OK] Checksums match for /Users/jenswegar/SyncSpace/Photo WIP/2020_11 - Kilpisjärvi/Capture/IMGP1599.DNG: 3f3e81c8d21302779ac84d8810fa9321
2025-05-08 22:52:37 checksum_comparison: [OK] Checksums match for /Users/jenswegar/SyncSpace/Photo WIP/2020_11 - Kilpisjärvi/Capture/IMGP1600.DNG: 6a6f54eb0dbf1f215667304da72843a6
2025-05-08 22:52:37 checksum_comparison: [OK] Checksums match for /Users/jenswegar/SyncSpace/Photo WIP/2020_11 - Kilpisjärvi/Capture/IMGP1601.DNG: 0aaa65b6c9d434d2bda2e752e138a806
2025-05-08 22:52:37 checksum_comparison: [OK] Checksums match for /Users/jenswegar/SyncSpace/Photo WIP/2020_11 - Kilpisjärvi/Capture/IMGP1602.DNG: ad2ddbc9d096227b348e4d6a2d106de0
2025-05-08 22:52:37 checksum_comparison: [OK] Checksums match for /Users/jenswegar/SyncSpace/Photo WIP/2020_11 - Kilpisjärvi/Capture/IMGP1603.DNG: 146f3583f943f61e6ec4020bdd8d06d0
2025-05-08 22:52:37 checksum_comparison: [OK] Checksums match for /Users/jenswegar/SyncSpace/Photo WIP/2020_11 - Kilpisjärvi/Capture/IMGP1605.DNG: 7445662cc6c2a1c7771f8826bc1d05e6
2025-05-08 22:52:38 checksum_comparison: [OK] Checksums match for /Users/jenswegar/SyncSpace/Photo WIP/2020_11 - Kilpisjärvi/Capture/IMGP1606.DNG: 91901293f796258d3366b5bc3ddc1d48
2025-05-08 22:52:38 checksum_comparison: [OK] Checksums match for /Users/jenswegar/SyncSpace/Photo WIP/2020_11 - Kilpisjärvi/Capture/IMGP1607.DNG: 686879c2532f549f4cd8e1c21b54184a
2025-05-08 22:52:38 checksum_comparison: [OK] Checksums match for /Users/jenswegar/SyncSpace/Photo WIP/2020_11 - Kilpisjärvi/Capture/IMGP1608.DNG: e4a7a8b1e11cab35786c868baac5ca00
2025-05-08 22:52:38 checksum_comparison: [OK] Checksums match for /Users/jenswegar/SyncSpace/Photo WIP/2020_11 - Kilpisjärvi/Capture/IMGP1609.DNG: 85c9d9ec329ebcf7ea940c434d74eef6
2025-05-08 22:52:38 checksum_comparison: [OK] Checksums match for /Users/jenswegar/SyncSpace/Photo WIP/2020_11 - Kilpisjärvi/Capture/IMGP1610.DNG: a7a37f8879fd7f09a0de355a5204ce04
2025-05-08 22:52:38 checksum_comparison: [OK] Checksums match for /Users/jenswegar/SyncSpace/Photo WIP/2020_11 - Kilpisjärvi/Capture/IMGP1611.DNG: 57021fb69406642b85dd8ba4e93054bb
2025-05-08 22:52:38 checksum_comparison: [OK] Checksums match for /Users/jenswegar/SyncSpace/Photo WIP/2020_11 - Kilpisjärvi/Capture/IMGP1612.DNG: e7946401529d6faa8a3a0d8a8e7cd123
2025-05-08 22:52:38 checksum_comparison: [OK] Checksums match for /Users/jenswegar/SyncSpace/Photo WIP/2020_11 - Kilpisjärvi/Capture/IMGP1613.DNG: 87e0e00f6073eca2c6ac92fa62354e70
2025-05-08 22:52:38 checksum_comparison: [OK] Checksums match for /Users/jenswegar/SyncSpace/Photo WIP/2020_11 - Kilpisjärvi/Capture/IMGP1614.DNG: a755931965951a04eab8ba566b1820d6
2025-05-08 22:52:38 checksum_comparison: [OK] Checksums match for /Users/jenswegar/SyncSpace/Photo WIP/2020_11 - Kilpisjärvi/Capture/IMGP1615.DNG: 2549ed3f79215debb08014af95155bb9
2025-05-08 22:52:38 checksum_comparison: [OK] Checksums match for /Users/jenswegar/SyncSpace/Photo WIP/2020_11 - Kilpisjärvi/Capture/IMGP1616.DNG: 6ac09171c2fbaae2e840a2ebb030ef4d
2025-05-08 22:52:38 checksum_comparison: [OK] Checksums match for /Users/jenswegar/SyncSpace/Photo WIP/2020_11 - Kilpisjärvi/Capture/IMGP1617.DNG: f7e0ee2f06874a2382f0bb799e8228eb
2025-05-08 22:52:38 checksum_comparison: [OK] Checksums match for /Users/jenswegar/SyncSpace/Photo WIP/2020_11 - Kilpisjärvi/Capture/IMGP1619.DNG: c23d587eb9a2c1f61ee900824b5c0935
2025-05-08 22:52:38 checksum_comparison: [OK] Checksums match for /Users/jenswegar/SyncSpace/Photo WIP/2020_11 - Kilpisjärvi/Capture/IMGP1620.DNG: fd505db17f56a4654d738c8426948387
2025-05-08 22:52:39 checksum_comparison: [OK] Checksums match for /Users/jenswegar/SyncSpace/Photo WIP/2020_11 - Kilpisjärvi/Capture/IMGP1621.DNG: 7693fc50a268e95b29d45dcf3fc8aee9
2025-05-08 22:52:39 checksum_comparison: [OK] Checksums match for /Users/jenswegar/SyncSpace/Photo WIP/2020_11 - Kilpisjärvi/Capture/IMGP1622.DNG: eb8db44d3725497b0c6a4349b6ac2feb
2025-05-08 22:52:39 checksum_comparison: [OK] Checksums match for /Users/jenswegar/SyncSpace/Photo WIP/2020_11 - Kilpisjärvi/Capture/IMGP1623.DNG: 905be3bb2776e334014db6a33ad12b5a
2025-05-08 22:52:39 checksum_comparison: [OK] Checksums match for /Users/jenswegar/SyncSpace/Photo WIP/2020_11 - Kilpisjärvi/Capture/IMGP1624.DNG: 6e1f9a70a71f12156e1dbee92f050e6e
2025-05-08 22:52:39 checksum_comparison: [OK] Checksums match for /Users/jenswegar/SyncSpace/Photo WIP/2020_11 - Kilpisjärvi/Capture/IMGP1625.DNG: db7037e3fe97c10dd3ebd7a3ac845d75
2025-05-08 22:52:39 checksum_comparison: [OK] Checksums match for /Users/jenswegar/SyncSpace/Photo WIP/2020_11 - Kilpisjärvi/Capture/IMGP1626.DNG: 15122d376f655e4e998b3f1a3d61be97
2025-05-08 22:52:39 checksum_comparison: [OK] Checksums match for /Users/jenswegar/SyncSpace/Photo WIP/2020_11 - Kilpisjärvi/Capture/IMGP1627.DNG: 05a8cdc7f76e94ca9b663423a46bb01e
2025-05-08 22:52:39 checksum_comparison: [OK] Checksums match for /Users/jenswegar/SyncSpace/Photo WIP/2020_11 - Kilpisjärvi/Capture/IMGP1628.DNG: cb810fed88ac4e7f443f9d7294d9c75d
2025-05-08 22:52:39 checksum_comparison: [OK] Checksums match for /Users/jenswegar/SyncSpace/Photo WIP/2020_11 - Kilpisjärvi/Capture/IMGP1629.DNG: e19ecbc8cb5d065747cb433d1f01cd45
2025-05-08 22:52:39 checksum_comparison: [OK] Checksums match for /Users/jenswegar/SyncSpace/Photo WIP/2020_11 - Kilpisjärvi/Capture/IMGP1630.DNG: 6870bd659776538625a10414d98e14a1
2025-05-08 22:52:39 checksum_comparison: [OK] Checksums match for /Users/jenswegar/SyncSpace/Photo WIP/2020_11 - Kilpisjärvi/Capture/IMGP1631.DNG: 0d9691ce3ee4fc5854c7151ac3a02306
2025-05-08 22:52:39 checksum_comparison: [OK] Checksums match for /Users/jenswegar/SyncSpace/Photo WIP/2020_11 - Kilpisjärvi/Capture/IMGP1632.DNG: 85692378b0c72963d5809ad646331fe3
2025-05-08 22:52:39 checksum_comparison: [OK] Checksums match for /Users/jenswegar/SyncSpace/Photo WIP/2020_11 - Kilpisjärvi/Capture/IMGP1633.DNG: fa01b61dfb3edfcfc8e9bf2b8f1f8c87
2025-05-08 22:52:39 checksum_comparison: [OK] Checksums match for /Users/jenswegar/SyncSpace/Photo WIP/2020_11 - Kilpisjärvi/Capture/IMGP1634.DNG: 8c3a61770c3ab1c979c25f3d5fccc79f
2025-05-08 22:52:40 checksum_comparison: [OK] Checksums match for /Users/jenswegar/SyncSpace/Photo WIP/2020_11 - Kilpisjärvi/Capture/IMGP1635.DNG: 0f3da6fcd272444548f5914e81ca2b33
2025-05-08 22:52:40 checksum_comparison: [OK] Checksums match for /Users/jenswegar/SyncSpace/Photo WIP/2020_11 - Kilpisjärvi/Capture/IMGP1636.DNG: a736f218dfe85a5a2707fb0482d381e4
2025-05-08 22:52:40 checksum_comparison: [OK] Checksums match for /Users/jenswegar/SyncSpace/Photo WIP/2020_11 - Kilpisjärvi/Capture/IMGP1637.DNG: 0a68b642516e8ae85b9c3059529e4dbb
2025-05-08 22:52:40 checksum_comparison: [OK] Checksums match for /Users/jenswegar/SyncSpace/Photo WIP/2020_11 - Kilpisjärvi/Capture/IMGP1638.DNG: 32e95245e57b17b2b13977b98fb70c8d
2025-05-08 22:52:40 checksum_comparison: [OK] Checksums match for /Users/jenswegar/SyncSpace/Photo WIP/2020_11 - Kilpisjärvi/Capture/IMGP1639.DNG: 3867b03b94ab52d375be2e0f842f87a2
2025-05-08 22:52:40 checksum_comparison: [OK] Checksums match for /Users/jenswegar/SyncSpace/Photo WIP/2020_11 - Kilpisjärvi/Capture/IMGP1640.DNG: 41502e85ee2b637c818bb396ba91a201
2025-05-08 22:52:40 checksum_comparison: [OK] Checksums match for /Users/jenswegar/SyncSpace/Photo WIP/2020_11 - Kilpisjärvi/Capture/IMGP1641.DNG: 15faa807c4ca0de651778919b5f68194
2025-05-08 22:52:40 checksum_comparison: [OK] Checksums match for /Users/jenswegar/SyncSpace/Photo WIP/2020_11 - Kilpisjärvi/Capture/IMGP1642.DNG: 9a05b547b1c2d9d3d86c61a382cfefd8
2025-05-08 22:52:40 checksum_comparison: [OK] Checksums match for /Users/jenswegar/SyncSpace/Photo WIP/2020_11 - Kilpisjärvi/Capture/IMGP1643.DNG: f14cc8d5b1880140a2a5ef372ca82ce1
2025-05-08 22:52:40 checksum_comparison: [OK] Checksums match for /Users/jenswegar/SyncSpace/Photo WIP/2020_11 - Kilpisjärvi/Capture/IMGP1644.DNG: cf8142f10690bea13f12609e7e1b070e
2025-05-08 22:52:40 checksum_comparison: [OK] Checksums match for /Users/jenswegar/SyncSpace/Photo WIP/2020_11 - Kilpisjärvi/Capture/IMGP1647.DNG: 0a5e2bcef38ab95dab2bd9783bb0842d
2025-05-08 22:52:40 checksum_comparison: [OK] Checksums match for /Users/jenswegar/SyncSpace/Photo WIP/2020_11 - Kilpisjärvi/Capture/IMGP1648.DNG: 74de977d6ac2c6fb533556a1dab463cf
2025-05-08 22:52:40 checksum_comparison: [OK] Checksums match for /Users/jenswegar/SyncSpace/Photo WIP/2020_11 - Kilpisjärvi/Capture/IMGP1649.DNG: e3a1d7507f704343a3ac18fe6f0d173d
2025-05-08 22:52:40 checksum_comparison: [OK] Checksums match for /Users/jenswegar/SyncSpace/Photo WIP/2020_11 - Kilpisjärvi/Capture/IMGP1650.DNG: f10a69c984847206df0a1c23c1a54a7f
2025-05-08 22:52:41 checksum_comparison: [OK] Checksums match for /Users/jenswegar/SyncSpace/Photo WIP/2020_11 - Kilpisjärvi/Capture/IMGP1651.DNG: dffc3b6a80c84ed7a692cc017220593b
2025-05-08 22:52:41 checksum_comparison: [MISMATCH] Checksums do not match for /Users/jenswegar/SyncSpace/Photo WIP/2020_11 - Kilpisjärvi/CaptureOne/.DS_Store and /Volumes/Photography/2020/2020_11 - Kilpisjärvi/CaptureOne/.DS_Store: 9a0ecd6cba2f168b923c0255fb201590 vs ce778fc3174db00b6f7a48121f54aabe
2025-05-08 22:52:41 checksum_comparison: [OK] Checksums match for /Users/jenswegar/SyncSpace/Photo WIP/2020_11 - Kilpisjärvi/CaptureOne/Settings120/IMGP1583.DNG.cos: 022a63cef2041506f1653356dbd92b32
2025-05-08 22:52:41 checksum_comparison: [OK] Checksums match for /Users/jenswegar/SyncSpace/Photo WIP/2020_11 - Kilpisjärvi/CaptureOne/Settings120/IMGP1584.DNG.cos: 9f89e9d08be6112aad3b645e935c4790
2025-05-08 22:52:41 checksum_comparison: [OK] Checksums match for /Users/jenswegar/SyncSpace/Photo WIP/2020_11 - Kilpisjärvi/CaptureOne/Settings120/IMGP1585.DNG.cos: 0f07492889e8fcf001eb3139dc24ef33
2025-05-08 22:52:41 checksum_comparison: [OK] Checksums match for /Users/jenswegar/SyncSpace/Photo WIP/2020_11 - Kilpisjärvi/CaptureOne/Settings120/IMGP1586.DNG.cos: d21726f0b1da06ed1467bda60db21f66
2025-05-08 22:52:41 checksum_comparison: [OK] Checksums match for /Users/jenswegar/SyncSpace/Photo WIP/2020_11 - Kilpisjärvi/CaptureOne/Settings120/IMGP1587.DNG.cos: 0b2186e9db39262a76238bd77f47b3f8
2025-05-08 22:52:41 checksum_comparison: [OK] Checksums match for /Users/jenswegar/SyncSpace/Photo WIP/2020_11 - Kilpisjärvi/CaptureOne/Settings120/IMGP1588.DNG.cos: 47a013e6603066069484d58c2007e327
2025-05-08 22:52:41 checksum_comparison: [OK] Checksums match for /Users/jenswegar/SyncSpace/Photo WIP/2020_11 - Kilpisjärvi/CaptureOne/Settings120/IMGP1589.DNG.cos: b3724b68d57a7a528c68fd324f3b22b3
2025-05-08 22:52:41 checksum_comparison: [OK] Checksums match for /Users/jenswegar/SyncSpace/Photo WIP/2020_11 - Kilpisjärvi/CaptureOne/Settings120/IMGP1590.DNG.cos: 0de1478f8b11f811dcc3845e0ab4ea1e
2025-05-08 22:52:41 checksum_comparison: [OK] Checksums match for /Users/jenswegar/SyncSpace/Photo WIP/2020_11 - Kilpisjärvi/CaptureOne/Settings120/IMGP1591.DNG.cos: 93926d82f12763462f4de9065185dce5
2025-05-08 22:52:41 checksum_comparison: [OK] Checksums match for /Users/jenswegar/SyncSpace/Photo WIP/2020_11 - Kilpisjärvi/CaptureOne/Settings120/IMGP1592.DNG.cos: e68e2a2ac2830d64ca789c5fd9836739
2025-05-08 22:52:41 checksum_comparison: [OK] Checksums match for /Users/jenswegar/SyncSpace/Photo WIP/2020_11 - Kilpisjärvi/CaptureOne/Settings120/IMGP1593.DNG.cos: 3517b9aa02a0ea462db524cd702204b7
2025-05-08 22:52:41 checksum_comparison: [OK] Checksums match for /Users/jenswegar/SyncSpace/Photo WIP/2020_11 - Kilpisjärvi/CaptureOne/Settings120/IMGP1595.DNG.cos: 7eef493ed5deaac5673851768e7ac823
2025-05-08 22:52:42 checksum_comparison: [OK] Checksums match for /Users/jenswegar/SyncSpace/Photo WIP/2020_11 - Kilpisjärvi/CaptureOne/Settings120/IMGP1596.DNG.cos: f1a97698c21a0da8e185a5c139c514a2
2025-05-08 22:52:42 checksum_comparison: [OK] Checksums match for /Users/jenswegar/SyncSpace/Photo WIP/2020_11 - Kilpisjärvi/CaptureOne/Settings120/IMGP1597.DNG.cos: 2eac652b85df6b08d7bc915ff9b0a29c
2025-05-08 22:52:42 checksum_comparison: [OK] Checksums match for /Users/jenswegar/SyncSpace/Photo WIP/2020_11 - Kilpisjärvi/CaptureOne/Settings120/IMGP1598.DNG.cos: 02df50c50d99b3747978773325704f32
2025-05-08 22:52:42 checksum_comparison: [OK] Checksums match for /Users/jenswegar/SyncSpace/Photo WIP/2020_11 - Kilpisjärvi/CaptureOne/Settings120/IMGP1599.DNG.cos: 00cf36f1a96373c906e0d02ed76fd81c
2025-05-08 22:52:42 checksum_comparison: [OK] Checksums match for /Users/jenswegar/SyncSpace/Photo WIP/2020_11 - Kilpisjärvi/CaptureOne/Settings120/IMGP1600.DNG.cos: 8bfa238c22f22a9298a7239748503d87
2025-05-08 22:52:42 checksum_comparison: [OK] Checksums match for /Users/jenswegar/SyncSpace/Photo WIP/2020_11 - Kilpisjärvi/CaptureOne/Settings120/IMGP1601.DNG.cos: a7968d1207ef5b945fb2a820b6958ccc
2025-05-08 22:52:42 checksum_comparison: [OK] Checksums match for /Users/jenswegar/SyncSpace/Photo WIP/2020_11 - Kilpisjärvi/CaptureOne/Settings120/IMGP1602.DNG.cos: 055f6ec6cc397104df8947f34e4b5216
2025-05-08 22:52:42 checksum_comparison: [OK] Checksums match for /Users/jenswegar/SyncSpace/Photo WIP/2020_11 - Kilpisjärvi/CaptureOne/Settings120/IMGP1603.DNG.cos: 4cb40e44e3c14f428f1a50d2ce601884
2025-05-08 22:52:42 checksum_comparison: [OK] Checksums match for /Users/jenswegar/SyncSpace/Photo WIP/2020_11 - Kilpisjärvi/CaptureOne/Settings120/IMGP1605.DNG.cos: 14f283195e9d84723e7538ed0d4bc471
2025-05-08 22:52:42 checksum_comparison: [OK] Checksums match for /Users/jenswegar/SyncSpace/Photo WIP/2020_11 - Kilpisjärvi/CaptureOne/Settings120/IMGP1606.DNG.cos: 1a6346d078d4a2dc12359abf42e12a58
2025-05-08 22:52:42 checksum_comparison: [OK] Checksums match for /Users/jenswegar/SyncSpace/Photo WIP/2020_11 - Kilpisjärvi/CaptureOne/Settings120/IMGP1607.DNG.cos: 1dcb4dc23d83574710e4f018a4b799f7
2025-05-08 22:52:42 checksum_comparison: [OK] Checksums match for /Users/jenswegar/SyncSpace/Photo WIP/2020_11 - Kilpisjärvi/CaptureOne/Settings120/IMGP1608.DNG.cos: 927f1813e5487972cf538b9b6378bcb0
2025-05-08 22:52:42 checksum_comparison: [OK] Checksums match for /Users/jenswegar/SyncSpace/Photo WIP/2020_11 - Kilpisjärvi/CaptureOne/Settings120/IMGP1609.DNG.cos: 1be5df5f37509d55bafa6e8f5bb41795
2025-05-08 22:52:42 checksum_comparison: [OK] Checksums match for /Users/jenswegar/SyncSpace/Photo WIP/2020_11 - Kilpisjärvi/CaptureOne/Settings120/IMGP1610.DNG.cos: 94c2c4dd064cf9422ca2ef6333710e64
2025-05-08 22:52:42 checksum_comparison: [OK] Checksums match for /Users/jenswegar/SyncSpace/Photo WIP/2020_11 - Kilpisjärvi/CaptureOne/Settings120/IMGP1611.DNG.cos: 29d1e8a12edd3abe75d9ad2377cd839a
2025-05-08 22:52:43 checksum_comparison: [OK] Checksums match for /Users/jenswegar/SyncSpace/Photo WIP/2020_11 - Kilpisjärvi/CaptureOne/Settings120/IMGP1612.DNG.cos: 8621fc69953c8a4b67e8256b90ca2996
2025-05-08 22:52:43 checksum_comparison: [OK] Checksums match for /Users/jenswegar/SyncSpace/Photo WIP/2020_11 - Kilpisjärvi/CaptureOne/Settings120/IMGP1613.DNG.cos: e6e17de6f8c5ccccbf14cc79d6a5ed75
2025-05-08 22:52:43 checksum_comparison: [OK] Checksums match for /Users/jenswegar/SyncSpace/Photo WIP/2020_11 - Kilpisjärvi/CaptureOne/Settings120/IMGP1614.DNG.cos: 41708c23a050b48657e10409dd56a7e1
2025-05-08 22:52:43 checksum_comparison: [OK] Checksums match for /Users/jenswegar/SyncSpace/Photo WIP/2020_11 - Kilpisjärvi/CaptureOne/Settings120/IMGP1615.DNG.cos: 85caa6d573af0370738a321ba22557ba
2025-05-08 22:52:43 checksum_comparison: [OK] Checksums match for /Users/jenswegar/SyncSpace/Photo WIP/2020_11 - Kilpisjärvi/CaptureOne/Settings120/IMGP1616.DNG.cos: 1fb58d274fa68af5e667f6f00debb5be
2025-05-08 22:52:43 checksum_comparison: [OK] Checksums match for /Users/jenswegar/SyncSpace/Photo WIP/2020_11 - Kilpisjärvi/CaptureOne/Settings120/IMGP1617.DNG.cos: 8b8b053dc10b4948b839c66b70cc0bbd
2025-05-08 22:52:43 checksum_comparison: [OK] Checksums match for /Users/jenswegar/SyncSpace/Photo WIP/2020_11 - Kilpisjärvi/CaptureOne/Settings120/IMGP1619.DNG.cos: f0a9f044cc531c7b0291995a5b5c8517
2025-05-08 22:52:43 checksum_comparison: [OK] Checksums match for /Users/jenswegar/SyncSpace/Photo WIP/2020_11 - Kilpisjärvi/CaptureOne/Settings120/IMGP1620.DNG.cos: 25823e3a1e5a4c6c3d712676f163e76e
2025-05-08 22:52:43 checksum_comparison: [OK] Checksums match for /Users/jenswegar/SyncSpace/Photo WIP/2020_11 - Kilpisjärvi/CaptureOne/Settings120/IMGP1621.DNG.cos: 059bf20c9d5cea5560455a20a9b4c4b6
2025-05-08 22:52:43 checksum_comparison: [OK] Checksums match for /Users/jenswegar/SyncSpace/Photo WIP/2020_11 - Kilpisjärvi/CaptureOne/Settings120/IMGP1622.DNG.cos: f6416e3df15fa44e7e9e36fd84e896fc
2025-05-08 22:52:43 checksum_comparison: [OK] Checksums match for /Users/jenswegar/SyncSpace/Photo WIP/2020_11 - Kilpisjärvi/CaptureOne/Settings120/IMGP1623.DNG.cos: e0c84470b784f463690d04d19deaa25f
2025-05-08 22:52:43 checksum_comparison: [OK] Checksums match for /Users/jenswegar/SyncSpace/Photo WIP/2020_11 - Kilpisjärvi/CaptureOne/Settings120/IMGP1624.DNG.cos: 2eec71e87fdff7115b91660ee8d094f9
2025-05-08 22:52:43 checksum_comparison: [OK] Checksums match for /Users/jenswegar/SyncSpace/Photo WIP/2020_11 - Kilpisjärvi/CaptureOne/Settings120/IMGP1625.DNG.cos: 60b1451196eab95e6b35b16ee5aed0f3
2025-05-08 22:52:43 checksum_comparison: [OK] Checksums match for /Users/jenswegar/SyncSpace/Photo WIP/2020_11 - Kilpisjärvi/CaptureOne/Settings120/IMGP1626.DNG.cos: 623d132f6096a85173f929857bfe598c
2025-05-08 22:52:44 checksum_comparison: [OK] Checksums match for /Users/jenswegar/SyncSpace/Photo WIP/2020_11 - Kilpisjärvi/CaptureOne/Settings120/IMGP1627.DNG.cos: 1508acfb69c47a6645ccc60c4e7d81f6
2025-05-08 22:52:44 checksum_comparison: [OK] Checksums match for /Users/jenswegar/SyncSpace/Photo WIP/2020_11 - Kilpisjärvi/CaptureOne/Settings120/IMGP1628.DNG.cos: 09a16ada2c14737202116e2a6cd9ea2f
2025-05-08 22:52:44 checksum_comparison: [OK] Checksums match for /Users/jenswegar/SyncSpace/Photo WIP/2020_11 - Kilpisjärvi/CaptureOne/Settings120/IMGP1629.DNG.cos: 3e644479c8604e8fff477b81046e7c99
2025-05-08 22:52:44 checksum_comparison: [OK] Checksums match for /Users/jenswegar/SyncSpace/Photo WIP/2020_11 - Kilpisjärvi/CaptureOne/Settings120/IMGP1630.DNG.cos: 9cb268d94a0537bb4261eeb4c015f455
2025-05-08 22:52:44 checksum_comparison: [OK] Checksums match for /Users/jenswegar/SyncSpace/Photo WIP/2020_11 - Kilpisjärvi/CaptureOne/Settings120/IMGP1631.DNG.cos: f6f976be5ca72d156fe68c6d7090dd8f
2025-05-08 22:52:44 checksum_comparison: [OK] Checksums match for /Users/jenswegar/SyncSpace/Photo WIP/2020_11 - Kilpisjärvi/CaptureOne/Settings120/IMGP1632.DNG.cos: f27d1d7d268e4709ba1be791e831fa61
2025-05-08 22:52:44 checksum_comparison: [OK] Checksums match for /Users/jenswegar/SyncSpace/Photo WIP/2020_11 - Kilpisjärvi/CaptureOne/Settings120/IMGP1633.DNG.cos: 11a12786cecfe8b88f0b740f8e7d0c9d
2025-05-08 22:52:44 checksum_comparison: [OK] Checksums match for /Users/jenswegar/SyncSpace/Photo WIP/2020_11 - Kilpisjärvi/CaptureOne/Settings120/IMGP1634.DNG.cos: 4bc1a35cd6b214feb337a5b9a733ffe5
2025-05-08 22:52:44 checksum_comparison: [OK] Checksums match for /Users/jenswegar/SyncSpace/Photo WIP/2020_11 - Kilpisjärvi/CaptureOne/Settings120/IMGP1635.DNG.cos: 5f3e67bf93de49f4703b8e38b1e88642
2025-05-08 22:52:44 checksum_comparison: [OK] Checksums match for /Users/jenswegar/SyncSpace/Photo WIP/2020_11 - Kilpisjärvi/CaptureOne/Settings120/IMGP1636.DNG.cos: 26ffe9ea5f0c5604d9046df732d23d3e
2025-05-08 22:52:44 checksum_comparison: [OK] Checksums match for /Users/jenswegar/SyncSpace/Photo WIP/2020_11 - Kilpisjärvi/CaptureOne/Settings120/IMGP1637.DNG.cos: 2ba123210980a3567acd904c44dbbc72
2025-05-08 22:52:44 checksum_comparison: [OK] Checksums match for /Users/jenswegar/SyncSpace/Photo WIP/2020_11 - Kilpisjärvi/CaptureOne/Settings120/IMGP1638.DNG.cos: f0f9a7bd8a414f0d931096f0e280804b
2025-05-08 22:52:44 checksum_comparison: [OK] Checksums match for /Users/jenswegar/SyncSpace/Photo WIP/2020_11 - Kilpisjärvi/CaptureOne/Settings120/IMGP1639.DNG.cos: 972cb101cc163fee345c557e79264167
2025-05-08 22:52:45 checksum_comparison: [OK] Checksums match for /Users/jenswegar/SyncSpace/Photo WIP/2020_11 - Kilpisjärvi/CaptureOne/Settings120/IMGP1640.DNG.cos: 6f7247826b8ed9b1c86c099f68989ca1
2025-05-08 22:52:45 checksum_comparison: [OK] Checksums match for /Users/jenswegar/SyncSpace/Photo WIP/2020_11 - Kilpisjärvi/CaptureOne/Settings120/IMGP1641.DNG.cos: 2c6240db494c223a8cdee6cd45ad3f1c
2025-05-08 22:52:45 checksum_comparison: [OK] Checksums match for /Users/jenswegar/SyncSpace/Photo WIP/2020_11 - Kilpisjärvi/CaptureOne/Settings120/IMGP1642.DNG.cos: d6363053fa59bb1a90a34e5c775535a4
2025-05-08 22:52:45 checksum_comparison: [OK] Checksums match for /Users/jenswegar/SyncSpace/Photo WIP/2020_11 - Kilpisjärvi/CaptureOne/Settings120/IMGP1643.DNG.cos: 7a4c22fa9db473530bc7b1edf90f49a1
2025-05-08 22:52:45 checksum_comparison: [OK] Checksums match for /Users/jenswegar/SyncSpace/Photo WIP/2020_11 - Kilpisjärvi/CaptureOne/Settings120/IMGP1644.DNG.cos: 144c7e43085cd9dc1e1384bd44718cf9
2025-05-08 22:52:45 checksum_comparison: [OK] Checksums match for /Users/jenswegar/SyncSpace/Photo WIP/2020_11 - Kilpisjärvi/CaptureOne/Settings120/IMGP1647.DNG.cos: 453bd79a4c1af76e7a75f98d9dabaa1c
2025-05-08 22:52:45 checksum_comparison: [OK] Checksums match for /Users/jenswegar/SyncSpace/Photo WIP/2020_11 - Kilpisjärvi/CaptureOne/Settings120/IMGP1648.DNG.cos: 6ec6181d864483a91ef9ef4e0a199ec0
2025-05-08 22:52:45 checksum_comparison: [OK] Checksums match for /Users/jenswegar/SyncSpace/Photo WIP/2020_11 - Kilpisjärvi/CaptureOne/Settings120/IMGP1649.DNG.cos: 8a95020fd54c2fb2d24a8948e1cbd132
2025-05-08 22:52:45 checksum_comparison: [OK] Checksums match for /Users/jenswegar/SyncSpace/Photo WIP/2020_11 - Kilpisjärvi/CaptureOne/Settings120/IMGP1650.DNG.cos: b110523591ac7c29f9e0f8c818414535
2025-05-08 22:52:45 checksum_comparison: [OK] Checksums match for /Users/jenswegar/SyncSpace/Photo WIP/2020_11 - Kilpisjärvi/CaptureOne/Settings120/IMGP1651.DNG.cos: 986d20e8cb30f76799d78e59a381e4e0
2025-05-08 22:52:45 checksum_comparison: [MISMATCH] Checksums do not match for /Users/jenswegar/SyncSpace/Photo WIP/2020_11 - Kilpisjärvi/Output/.DS_Store and /Volumes/Photography/2020/2020_11 - Kilpisjärvi/Output/.DS_Store: a4e2d673c756e7de075904d51a750880 vs 1cf72ee67a0de06347bb9596866e578e
2025-05-08 22:52:45 checksum_comparison: [MISMATCH] Checksums do not match for 7c089b628dbe2493c6165a3a1c4de4d9 /Users/jenswegar/SyncSpace/Photo WIP/2020_11 - Kilpisjärvi/Output/Photo book/IMGP1589.tif and 7c089b628dbe2493c6165a3a1c4de4d9 /Volumes/Photography/2020/2020_11 - Kilpisjärvi/Output/Photo book/IMGP1589.tif
83f3e90d5c9a4df5745a21e1966b132b /Volumes/Photography/2020/2020_11 - Kilpisjärvi/Output/Photo book/IMGP1595.tif
6534ac609e2eb5a59f06de96d1e42ac9 /Volumes/Photography/2020/2020_11 - Kilpisjärvi/Output/Photo book/IMGP1598.tif
5e7c21ae06aa4a39c8033654a5cdde20 /Volumes/Photography/2020/2020_11 - Kilpisjärvi/Output/Photo book/IMGP1599.tif
adeb7e9bded5ff1aea1237821416419b /Volumes/Photography/2020/2020_11 - Kilpisjärvi/Output/Photo book/IMGP1603.tif
52c1dd4e0a3b412f3309312f47ac948d /Volumes/Photography/2020/2020_11 - Kilpisjärvi/Output/Photo book/IMGP1610.tif
6a24ad295c89e4509a39d91f67d9e456 /Volumes/Photography/2020/2020_11 - Kilpisjärvi/Output/Photo book/IMGP1612.tif
1bab9d2063b901ce31d889eeac82370f /Volumes/Photography/2020/2020_11 - Kilpisjärvi/Output/Photo book/IMGP1625.tif
d0c1a0aeac833f018b3cbf6dcf345a70 /Volumes/Photography/2020/2020_11 - Kilpisjärvi/Output/Photo book/IMGP1638.tif
ab765d6b71fd12d2ca025640b5e45de2 /Volumes/Photography/2020/2020_11 - Kilpisjärvi/Output/Photo book/IMGP1640.tif
e9387a6817478cb85efa7cf32cb76f42 /Volumes/Photography/2020/2020_11 - Kilpisjärvi/Output/Photo book/IMGP1641.tif
c2029b4e9968ebe4fc733be84a67f44a /Volumes/Photography/2020/2020_11 - Kilpisjärvi/Output/Photo book/IMGP1643.tif
89bd7dcce9142f09ff16c664720bf36a /Volumes/Photography/2020/2020_11 - Kilpisjärvi/Output/Photo book/IMGP1649.tif
5f58af81683a57a93ed8a4f57d5c8821 /Volumes/Photography/2020/2020_11 - Kilpisjärvi/Output/Photo book/IMGP1651.tif: book/IMGP1589.tif vs book/IMGP1589.tif
book/IMGP1595.tif
book/IMGP1598.tif
book/IMGP1599.tif
book/IMGP1603.tif
book/IMGP1610.tif
book/IMGP1612.tif
book/IMGP1625.tif
book/IMGP1638.tif
book/IMGP1640.tif
book/IMGP1641.tif
book/IMGP1643.tif
book/IMGP1649.tif
book/IMGP1651.tif
2025-05-08 22:52:45 checksum_comparison: [MISSING] File 83f3e90d5c9a4df5745a21e1966b132b /Users/jenswegar/SyncSpace/Photo WIP/2020_11 - Kilpisjärvi/Output/Photo book/IMGP1595.tif is missing in /Volumes/Photography/2020/2020_11 - Kilpisjärvi
2025-05-08 22:52:45 checksum_comparison: [MISSING] File 6534ac609e2eb5a59f06de96d1e42ac9 /Users/jenswegar/SyncSpace/Photo WIP/2020_11 - Kilpisjärvi/Output/Photo book/IMGP1598.tif is missing in /Volumes/Photography/2020/2020_11 - Kilpisjärvi
2025-05-08 22:52:45 checksum_comparison: [MISSING] File 5e7c21ae06aa4a39c8033654a5cdde20 /Users/jenswegar/SyncSpace/Photo WIP/2020_11 - Kilpisjärvi/Output/Photo book/IMGP1599.tif is missing in /Volumes/Photography/2020/2020_11 - Kilpisjärvi
2025-05-08 22:52:45 checksum_comparison: [MISSING] File adeb7e9bded5ff1aea1237821416419b /Users/jenswegar/SyncSpace/Photo WIP/2020_11 - Kilpisjärvi/Output/Photo book/IMGP1603.tif is missing in /Volumes/Photography/2020/2020_11 - Kilpisjärvi
2025-05-08 22:52:46 checksum_comparison: [MISSING] File 52c1dd4e0a3b412f3309312f47ac948d /Users/jenswegar/SyncSpace/Photo WIP/2020_11 - Kilpisjärvi/Output/Photo book/IMGP1610.tif is missing in /Volumes/Photography/2020/2020_11 - Kilpisjärvi
2025-05-08 22:52:46 checksum_comparison: [MISSING] File 6a24ad295c89e4509a39d91f67d9e456 /Users/jenswegar/SyncSpace/Photo WIP/2020_11 - Kilpisjärvi/Output/Photo book/IMGP1612.tif is missing in /Volumes/Photography/2020/2020_11 - Kilpisjärvi
2025-05-08 22:52:46 checksum_comparison: [MISSING] File 1bab9d2063b901ce31d889eeac82370f /Users/jenswegar/SyncSpace/Photo WIP/2020_11 - Kilpisjärvi/Output/Photo book/IMGP1625.tif is missing in /Volumes/Photography/2020/2020_11 - Kilpisjärvi
2025-05-08 22:52:46 checksum_comparison: [MISSING] File d0c1a0aeac833f018b3cbf6dcf345a70 /Users/jenswegar/SyncSpace/Photo WIP/2020_11 - Kilpisjärvi/Output/Photo book/IMGP1638.tif is missing in /Volumes/Photography/2020/2020_11 - Kilpisjärvi
2025-05-08 22:52:46 checksum_comparison: [MISSING] File ab765d6b71fd12d2ca025640b5e45de2 /Users/jenswegar/SyncSpace/Photo WIP/2020_11 - Kilpisjärvi/Output/Photo book/IMGP1640.tif is missing in /Volumes/Photography/2020/2020_11 - Kilpisjärvi
2025-05-08 22:52:46 checksum_comparison: [MISSING] File e9387a6817478cb85efa7cf32cb76f42 /Users/jenswegar/SyncSpace/Photo WIP/2020_11 - Kilpisjärvi/Output/Photo book/IMGP1641.tif is missing in /Volumes/Photography/2020/2020_11 - Kilpisjärvi
2025-05-08 22:52:46 checksum_comparison: [MISSING] File c2029b4e9968ebe4fc733be84a67f44a /Users/jenswegar/SyncSpace/Photo WIP/2020_11 - Kilpisjärvi/Output/Photo book/IMGP1643.tif is missing in /Volumes/Photography/2020/2020_11 - Kilpisjärvi
2025-05-08 22:52:46 checksum_comparison: [MISSING] File 89bd7dcce9142f09ff16c664720bf36a /Users/jenswegar/SyncSpace/Photo WIP/2020_11 - Kilpisjärvi/Output/Photo book/IMGP1649.tif is missing in /Volumes/Photography/2020/2020_11 - Kilpisjärvi
2025-05-08 22:52:46 checksum_comparison: [MISSING] File 5f58af81683a57a93ed8a4f57d5c8821 /Users/jenswegar/SyncSpace/Photo WIP/2020_11 - Kilpisjärvi/Output/Photo book/IMGP1651.tif is missing in /Volumes/Photography/2020/2020_11 - Kilpisjärvi
2025-05-08 22:52:46 checksum_comparison: [OK] Checksums match for 4K/.DS_Store 194577a7e20bdcc7afbb718f502c134c /Users/jenswegar/SyncSpace/Photo WIP/2020_11 - Kilpisjärvi/Output/Social media 4K/.DS_Store: media
2025-05-08 22:52:46 checksum_comparison: [OK] Checksums match for /Users/jenswegar/SyncSpace/Photo WIP/2020_11 - Kilpisjärvi/Trash/CaptureOne/Cache/Proxies/IMGP1594.DNG.cof: 1f7e99860ffb96810ffdc34a6d8b0064
2025-05-08 22:52:46 checksum_comparison: [OK] Checksums match for /Users/jenswegar/SyncSpace/Photo WIP/2020_11 - Kilpisjärvi/Trash/CaptureOne/Cache/Proxies/IMGP1594.DNG.cop: cb97b77c1fbcb095ad1126cdd6d801e6
2025-05-08 22:52:46 checksum_comparison: [OK] Checksums match for /Users/jenswegar/SyncSpace/Photo WIP/2020_11 - Kilpisjärvi/Trash/CaptureOne/Cache/Proxies/IMGP1618.DNG.cof: d790f35767452012b34aca8e2984673f
2025-05-08 22:52:46 checksum_comparison: [OK] Checksums match for /Users/jenswegar/SyncSpace/Photo WIP/2020_11 - Kilpisjärvi/Trash/CaptureOne/Cache/Proxies/IMGP1618.DNG.cop: 7a28fa5d4ed02bc1cd25ce1e023cc53c
2025-05-08 22:52:46 checksum_comparison: [OK] Checksums match for /Users/jenswegar/SyncSpace/Photo WIP/2020_11 - Kilpisjärvi/Trash/CaptureOne/Cache/Proxies/IMGP1645.DNG.cof: 701ff9020eda7136c3688ea81c703f75
2025-05-08 22:52:46 checksum_comparison: [OK] Checksums match for /Users/jenswegar/SyncSpace/Photo WIP/2020_11 - Kilpisjärvi/Trash/CaptureOne/Cache/Proxies/IMGP1645.DNG.cop: e48aca72ef4604b4388467137d38d066
2025-05-08 22:52:47 checksum_comparison: [OK] Checksums match for /Users/jenswegar/SyncSpace/Photo WIP/2020_11 - Kilpisjärvi/Trash/CaptureOne/Cache/Proxies/IMGP1646.DNG.cof: f5f82cba6f160bffa8be21ae8c6720b4
2025-05-08 22:52:47 checksum_comparison: [OK] Checksums match for /Users/jenswegar/SyncSpace/Photo WIP/2020_11 - Kilpisjärvi/Trash/CaptureOne/Cache/Proxies/IMGP1646.DNG.cop: 8ec58bf1f2a5a348e89d583a2ce3c42d
2025-05-08 22:52:47 checksum_comparison: [OK] Checksums match for /Users/jenswegar/SyncSpace/Photo WIP/2020_11 - Kilpisjärvi/Trash/CaptureOne/Cache/Thumbnails/IMGP1594.DNG.[d7bc0bcc-4910-459e-8147-57d5d74765ef].cot: 693a213877180a78e8eecaf0f8f28bfb
2025-05-08 22:52:47 checksum_comparison: [OK] Checksums match for /Users/jenswegar/SyncSpace/Photo WIP/2020_11 - Kilpisjärvi/Trash/CaptureOne/Cache/Thumbnails/IMGP1618.DNG.[baf4e7d2-c607-43c5-9662-e6b3d9b0dd13].cot: 35a61933413d7b6947d4ab19ee8cdbe4
2025-05-08 22:52:47 checksum_comparison: [OK] Checksums match for /Users/jenswegar/SyncSpace/Photo WIP/2020_11 - Kilpisjärvi/Trash/CaptureOne/Cache/Thumbnails/IMGP1645.DNG.[4de2c2f0-fa4d-4e96-9e25-3ffc9b685dd5].cot: 8eb5fd9f8e69812b8bd682e63e4715e0
2025-05-08 22:52:47 checksum_comparison: [OK] Checksums match for /Users/jenswegar/SyncSpace/Photo WIP/2020_11 - Kilpisjärvi/Trash/CaptureOne/Cache/Thumbnails/IMGP1646.DNG.[a0519e1d-a6ec-433d-8cfd-4dc0411a46c5].cot: f3b33ecef7aa117e1553ecded3b3840f
2025-05-08 22:52:47 checksum_comparison: [OK] Checksums match for /Users/jenswegar/SyncSpace/Photo WIP/2020_11 - Kilpisjärvi/Trash/CaptureOne/Settings120/IMGP1594.DNG.cos: 2194c1b29433116fa39d4fd16fcc1383
2025-05-08 22:52:47 checksum_comparison: [OK] Checksums match for /Users/jenswegar/SyncSpace/Photo WIP/2020_11 - Kilpisjärvi/Trash/CaptureOne/Settings120/IMGP1618.DNG.cos: 0531d36667eb640c598d75c6e1ba0b28
2025-05-08 22:52:47 checksum_comparison: [OK] Checksums match for /Users/jenswegar/SyncSpace/Photo WIP/2020_11 - Kilpisjärvi/Trash/CaptureOne/Settings120/IMGP1645.DNG.cos: 27f8978b169293371c059c2ec3fc8416
2025-05-08 22:52:47 checksum_comparison: [OK] Checksums match for /Users/jenswegar/SyncSpace/Photo WIP/2020_11 - Kilpisjärvi/Trash/CaptureOne/Settings120/IMGP1646.DNG.cos: 819479de7afa33cb8dd2ac687978d912
2025-05-08 22:52:47 checksum_comparison: [OK] Checksums match for /Users/jenswegar/SyncSpace/Photo WIP/2020_11 - Kilpisjärvi/Trash/CaptureOne/Settings165/IMGP1594.DNG.cos: a06e29e7548cfcf43c20fdea59cff475
2025-05-08 22:52:47 checksum_comparison: [OK] Checksums match for /Users/jenswegar/SyncSpace/Photo WIP/2020_11 - Kilpisjärvi/Trash/CaptureOne/Settings165/IMGP1618.DNG.cos: c772e4c1dbb571ce554f4a4274d34dee
2025-05-08 22:52:47 checksum_comparison: [OK] Checksums match for /Users/jenswegar/SyncSpace/Photo WIP/2020_11 - Kilpisjärvi/Trash/CaptureOne/Settings165/IMGP1645.DNG.cos: d120f1a2b0fd3da8fe053b3d3125ca4b
2025-05-08 22:52:47 checksum_comparison: [OK] Checksums match for /Users/jenswegar/SyncSpace/Photo WIP/2020_11 - Kilpisjärvi/Trash/CaptureOne/Settings165/IMGP1646.DNG.cos: 1261886b2675f1c2a7c2a259051ee408
2025-05-08 22:52:48 checksum_comparison: [OK] Checksums match for /Users/jenswegar/SyncSpace/Photo WIP/2020_11 - Kilpisjärvi/Trash/IMGP1594.DNG: 65e79746af4b6709212f8f635bd4b78e
2025-05-08 22:52:48 checksum_comparison: [OK] Checksums match for /Users/jenswegar/SyncSpace/Photo WIP/2020_11 - Kilpisjärvi/Trash/IMGP1618.DNG: d8cba2b6b46da77dbcec3c6be12655c9
2025-05-08 22:52:48 checksum_comparison: [OK] Checksums match for /Users/jenswegar/SyncSpace/Photo WIP/2020_11 - Kilpisjärvi/Trash/IMGP1645.DNG: caf2361f9b653551f75922b86730669f
2025-05-08 22:52:48 checksum_comparison: [OK] Checksums match for /Users/jenswegar/SyncSpace/Photo WIP/2020_11 - Kilpisjärvi/Trash/IMGP1646.DNG: 1579383f30d0d852daa6f4ecb105518b
